2025-05-31 12:08:32 - 
2025-05-31 12:08:32 - CICFlowMeter-V3 found: 1 Files.
2025-05-31 12:08:32 - 
2025-05-31 12:08:32 - Working on... /tmp/buffer.pcap 
2025-05-31 12:08:32 - Done! in 0 seconds
2025-05-31 12:08:32 - 	 Total packets: 0
2025-05-31 12:08:32 - 	 Valid packets: 0
2025-05-31 12:08:32 - 	 Ignored packets:0 0 
2025-05-31 12:08:32 - PCAP duration 0 seconds
2025-05-31 12:08:32 - ----------------------------------------------------------------------------
2025-05-31 12:08:32 - 

----------------------------------------------------------------------------
 TOTAL FLOWS GENERATED: 0
2025-05-31 12:08:32 - ----------------------------------------------------------------------------

2025-05-31 12:14:31 - 
2025-05-31 12:14:31 - CICFlowMeter-V3 found: 1 Files.
2025-05-31 12:14:32 - 
2025-05-31 12:14:32 - Working on... /tmp/buffer.pcap 
2025-05-31 12:14:32 - Done! in 0 seconds
2025-05-31 12:14:32 - 	 Total packets: 0
2025-05-31 12:14:32 - 	 Valid packets: 0
2025-05-31 12:14:32 - 	 Ignored packets:0 0 
2025-05-31 12:14:32 - PCAP duration 0 seconds
2025-05-31 12:14:32 - ----------------------------------------------------------------------------
2025-05-31 12:14:32 - 

----------------------------------------------------------------------------
 TOTAL FLOWS GENERATED: 0
2025-05-31 12:14:32 - ----------------------------------------------------------------------------

2025-05-31 12:14:53 - 
2025-05-31 12:14:53 - CICFlowMeter-V3 found: 1 Files.
2025-05-31 12:14:53 - 
2025-05-31 12:14:53 - Working on... /tmp/buffer.pcap 
2025-05-31 12:14:53 - Done! in 0 seconds
2025-05-31 12:14:53 - 	 Total packets: 0
2025-05-31 12:14:53 - 	 Valid packets: 0
2025-05-31 12:14:53 - 	 Ignored packets:0 0 
2025-05-31 12:14:53 - PCAP duration 0 seconds
2025-05-31 12:14:53 - ----------------------------------------------------------------------------
2025-05-31 12:14:53 - 

----------------------------------------------------------------------------
 TOTAL FLOWS GENERATED: 0
2025-05-31 12:14:53 - ----------------------------------------------------------------------------

2025-05-31 12:16:11 - 
2025-05-31 12:16:11 - CICFlowMeter-V3 found: 1 Files.
2025-05-31 12:16:11 - 
2025-05-31 12:16:11 - Working on... /tmp/buffer.pcap 
2025-05-31 12:16:11 - Done! in 0 seconds
2025-05-31 12:16:11 - 	 Total packets: 0
2025-05-31 12:16:11 - 	 Valid packets: 0
2025-05-31 12:16:11 - 	 Ignored packets:0 0 
2025-05-31 12:16:11 - PCAP duration 0 seconds
2025-05-31 12:16:11 - ----------------------------------------------------------------------------
2025-05-31 12:16:11 - 

----------------------------------------------------------------------------
 TOTAL FLOWS GENERATED: 0
2025-05-31 12:16:11 - ----------------------------------------------------------------------------

2025-05-31 12:17:07 - 
2025-05-31 12:17:07 - CICFlowMeter-V3 found: 1 Files.
2025-05-31 12:17:07 - 
2025-05-31 12:17:07 - Working on... /tmp/buffer.pcap 
2025-05-31 12:17:07 - Done! in 0 seconds
2025-05-31 12:17:07 - 	 Total packets: 0
2025-05-31 12:17:07 - 	 Valid packets: 0
2025-05-31 12:17:07 - 	 Ignored packets:0 0 
2025-05-31 12:17:07 - PCAP duration 0 seconds
2025-05-31 12:17:07 - ----------------------------------------------------------------------------
2025-05-31 12:17:07 - 

----------------------------------------------------------------------------
 TOTAL FLOWS GENERATED: 0
2025-05-31 12:17:07 - ----------------------------------------------------------------------------

2025-05-31 12:17:21 - 
2025-05-31 12:17:21 - CICFlowMeter-V3 found: 1 Files.
2025-05-31 12:17:21 - 
2025-05-31 12:17:21 - Working on... /tmp/buffer.pcap 
2025-05-31 12:17:21 - Done! in 0 seconds
2025-05-31 12:17:21 - 	 Total packets: 0
2025-05-31 12:17:21 - 	 Valid packets: 0
2025-05-31 12:17:21 - 	 Ignored packets:0 0 
2025-05-31 12:17:21 - PCAP duration 0 seconds
2025-05-31 12:17:21 - ----------------------------------------------------------------------------
2025-05-31 12:17:21 - 

----------------------------------------------------------------------------
 TOTAL FLOWS GENERATED: 0
2025-05-31 12:17:21 - ----------------------------------------------------------------------------

2025-05-31 12:18:05 - 
2025-05-31 12:18:05 - CICFlowMeter-V3 found: 1 Files.
2025-05-31 12:18:05 - 
2025-05-31 12:18:05 - Working on... /tmp/buffer.pcap 
2025-05-31 12:18:05 - Done! in 0 seconds
2025-05-31 12:18:05 - 	 Total packets: 0
2025-05-31 12:18:05 - 	 Valid packets: 0
2025-05-31 12:18:05 - 	 Ignored packets:0 0 
2025-05-31 12:18:05 - PCAP duration 0 seconds
2025-05-31 12:18:05 - ----------------------------------------------------------------------------
2025-05-31 12:18:05 - 

----------------------------------------------------------------------------
 TOTAL FLOWS GENERATED: 0
2025-05-31 12:18:05 - ----------------------------------------------------------------------------

2025-05-31 12:18:41 - 
2025-05-31 12:18:41 - CICFlowMeter-V3 found: 1 Files.
2025-05-31 12:18:41 - 
2025-05-31 12:18:41 - Working on... /tmp/buffer.pcap 
2025-05-31 12:18:41 - Done! in 0 seconds
2025-05-31 12:18:41 - 	 Total packets: 0
2025-05-31 12:18:41 - 	 Valid packets: 0
2025-05-31 12:18:41 - 	 Ignored packets:0 0 
2025-05-31 12:18:41 - PCAP duration 0 seconds
2025-05-31 12:18:41 - ----------------------------------------------------------------------------
2025-05-31 12:18:41 - 

----------------------------------------------------------------------------
 TOTAL FLOWS GENERATED: 0
2025-05-31 12:18:41 - ----------------------------------------------------------------------------

2025-05-31 12:18:48 - 
2025-05-31 12:18:48 - CICFlowMeter-V3 found: 1 Files.
2025-05-31 12:18:48 - 
2025-05-31 12:18:48 - Working on... /tmp/buffer.pcap 
2025-05-31 12:18:48 - Done! in 0 seconds
2025-05-31 12:18:48 - 	 Total packets: 0
2025-05-31 12:18:48 - 	 Valid packets: 0
2025-05-31 12:18:48 - 	 Ignored packets:0 0 
2025-05-31 12:18:48 - PCAP duration 0 seconds
2025-05-31 12:18:48 - ----------------------------------------------------------------------------
2025-05-31 12:18:48 - 

----------------------------------------------------------------------------
 TOTAL FLOWS GENERATED: 0
2025-05-31 12:18:48 - ----------------------------------------------------------------------------

2025-05-31 12:18:54 - 
2025-05-31 12:18:54 - CICFlowMeter-V3 found: 1 Files.
2025-05-31 12:18:54 - 
2025-05-31 12:18:54 - Working on... /tmp/buffer.pcap 
2025-05-31 12:18:54 - Done! in 0 seconds
2025-05-31 12:18:54 - 	 Total packets: 0
2025-05-31 12:18:54 - 	 Valid packets: 0
2025-05-31 12:18:54 - 	 Ignored packets:0 0 
2025-05-31 12:18:54 - PCAP duration 0 seconds
2025-05-31 12:18:54 - ----------------------------------------------------------------------------
2025-05-31 12:18:54 - 

----------------------------------------------------------------------------
 TOTAL FLOWS GENERATED: 0
2025-05-31 12:18:54 - ----------------------------------------------------------------------------

2025-05-31 12:19:01 - 
2025-05-31 12:19:01 - CICFlowMeter-V3 found: 1 Files.
2025-05-31 12:19:01 - 
2025-05-31 12:19:01 - Working on... /tmp/buffer.pcap 
2025-05-31 12:19:01 - Done! in 0 seconds
2025-05-31 12:19:01 - 	 Total packets: 12
2025-05-31 12:19:01 - 	 Valid packets: 10
2025-05-31 12:19:01 - 	 Ignored packets:2 2 
2025-05-31 12:19:01 - PCAP duration 0 seconds
2025-05-31 12:19:01 - ----------------------------------------------------------------------------
2025-05-31 12:19:01 - 

----------------------------------------------------------------------------
 TOTAL FLOWS GENERATED: 2
2025-05-31 12:19:01 - ----------------------------------------------------------------------------

2025-05-31 12:19:07 - 
2025-05-31 12:19:07 - CICFlowMeter-V3 found: 1 Files.
2025-05-31 12:19:07 - 
2025-05-31 12:19:07 - Working on... /tmp/buffer.pcap 
2025-05-31 12:19:07 - Done! in 0 seconds
2025-05-31 12:19:07 - 	 Total packets: 15
2025-05-31 12:19:07 - 	 Valid packets: 15
2025-05-31 12:19:07 - 	 Ignored packets:0 0 
2025-05-31 12:19:07 - PCAP duration 4 seconds
2025-05-31 12:19:07 - ----------------------------------------------------------------------------
2025-05-31 12:19:07 - 

----------------------------------------------------------------------------
 TOTAL FLOWS GENERATED: 3
2025-05-31 12:19:07 - ----------------------------------------------------------------------------

2025-05-31 12:19:14 - 
2025-05-31 12:19:14 - CICFlowMeter-V3 found: 1 Files.
2025-05-31 12:19:14 - 
2025-05-31 12:19:14 - Working on... /tmp/buffer.pcap 
2025-05-31 12:19:14 - Done! in 0 seconds
2025-05-31 12:19:14 - 	 Total packets: 10
2025-05-31 12:19:14 - 	 Valid packets: 10
2025-05-31 12:19:14 - 	 Ignored packets:0 0 
2025-05-31 12:19:14 - PCAP duration 0 seconds
2025-05-31 12:19:14 - ----------------------------------------------------------------------------
2025-05-31 12:19:14 - 

----------------------------------------------------------------------------
 TOTAL FLOWS GENERATED: 2
2025-05-31 12:19:14 - ----------------------------------------------------------------------------

2025-05-31 12:19:20 - 
2025-05-31 12:19:20 - CICFlowMeter-V3 found: 1 Files.
2025-05-31 12:19:20 - 
2025-05-31 12:19:20 - Working on... /tmp/buffer.pcap 
2025-05-31 12:19:20 - Done! in 0 seconds
2025-05-31 12:19:20 - 	 Total packets: 15
2025-05-31 12:19:20 - 	 Valid packets: 15
2025-05-31 12:19:20 - 	 Ignored packets:0 0 
2025-05-31 12:19:20 - PCAP duration 4 seconds
2025-05-31 12:19:20 - ----------------------------------------------------------------------------
2025-05-31 12:19:20 - 

----------------------------------------------------------------------------
 TOTAL FLOWS GENERATED: 4
2025-05-31 12:19:20 - ----------------------------------------------------------------------------

2025-05-31 12:19:27 - 
2025-05-31 12:19:27 - CICFlowMeter-V3 found: 1 Files.
2025-05-31 12:19:27 - 
2025-05-31 12:19:27 - Working on... /tmp/buffer.pcap 
2025-05-31 12:19:27 - Done! in 0 seconds
2025-05-31 12:19:27 - 	 Total packets: 10
2025-05-31 12:19:27 - 	 Valid packets: 10
2025-05-31 12:19:27 - 	 Ignored packets:0 0 
2025-05-31 12:19:27 - PCAP duration 0 seconds
2025-05-31 12:19:27 - ----------------------------------------------------------------------------
2025-05-31 12:19:27 - 

----------------------------------------------------------------------------
 TOTAL FLOWS GENERATED: 2
2025-05-31 12:19:27 - ----------------------------------------------------------------------------

2025-05-31 12:19:33 - 
2025-05-31 12:19:33 - CICFlowMeter-V3 found: 1 Files.
2025-05-31 12:19:33 - 
2025-05-31 12:19:33 - Working on... /tmp/buffer.pcap 
2025-05-31 12:19:34 - Done! in 0 seconds
2025-05-31 12:19:34 - 	 Total packets: 10
2025-05-31 12:19:34 - 	 Valid packets: 10
2025-05-31 12:19:34 - 	 Ignored packets:0 0 
2025-05-31 12:19:34 - PCAP duration 0 seconds
2025-05-31 12:19:34 - ----------------------------------------------------------------------------
2025-05-31 12:19:34 - 

----------------------------------------------------------------------------
 TOTAL FLOWS GENERATED: 2
2025-05-31 12:19:34 - ----------------------------------------------------------------------------

2025-05-31 12:19:40 - 
2025-05-31 12:19:40 - CICFlowMeter-V3 found: 1 Files.
2025-05-31 12:19:40 - 
2025-05-31 12:19:40 - Working on... /tmp/buffer.pcap 
2025-05-31 12:19:40 - Done! in 0 seconds
2025-05-31 12:19:40 - 	 Total packets: 20
2025-05-31 12:19:40 - 	 Valid packets: 20
2025-05-31 12:19:40 - 	 Ignored packets:0 0 
2025-05-31 12:19:40 - PCAP duration 4 seconds
2025-05-31 12:19:40 - ----------------------------------------------------------------------------
2025-05-31 12:19:40 - 

----------------------------------------------------------------------------
 TOTAL FLOWS GENERATED: 4
2025-05-31 12:19:40 - ----------------------------------------------------------------------------

2025-05-31 12:19:46 - 
2025-05-31 12:19:46 - CICFlowMeter-V3 found: 1 Files.
2025-05-31 12:19:47 - 
2025-05-31 12:19:47 - Working on... /tmp/buffer.pcap 
2025-05-31 12:19:47 - Done! in 0 seconds
2025-05-31 12:19:47 - 	 Total packets: 10
2025-05-31 12:19:47 - 	 Valid packets: 10
2025-05-31 12:19:47 - 	 Ignored packets:0 0 
2025-05-31 12:19:47 - PCAP duration 0 seconds
2025-05-31 12:19:47 - ----------------------------------------------------------------------------
2025-05-31 12:19:47 - 

----------------------------------------------------------------------------
 TOTAL FLOWS GENERATED: 2
2025-05-31 12:19:47 - ----------------------------------------------------------------------------

2025-05-31 12:20:12 - 
2025-05-31 12:20:12 - CICFlowMeter-V3 found: 1 Files.
2025-05-31 12:20:12 - 
2025-05-31 12:20:12 - Working on... /tmp/buffer.pcap 
2025-05-31 12:20:12 - Done! in 0 seconds
2025-05-31 12:20:12 - 	 Total packets: 20
2025-05-31 12:20:12 - 	 Valid packets: 20
2025-05-31 12:20:12 - 	 Ignored packets:0 0 
2025-05-31 12:20:12 - PCAP duration 4 seconds
2025-05-31 12:20:12 - ----------------------------------------------------------------------------
2025-05-31 12:20:12 - 

----------------------------------------------------------------------------
 TOTAL FLOWS GENERATED: 4
2025-05-31 12:20:12 - ----------------------------------------------------------------------------

2025-05-31 12:20:18 - 
2025-05-31 12:20:18 - CICFlowMeter-V3 found: 1 Files.
2025-05-31 12:20:19 - 
2025-05-31 12:20:19 - Working on... /tmp/buffer.pcap 
2025-05-31 12:20:19 - Done! in 0 seconds
2025-05-31 12:20:19 - 	 Total packets: 10
2025-05-31 12:20:19 - 	 Valid packets: 10
2025-05-31 12:20:19 - 	 Ignored packets:0 0 
2025-05-31 12:20:19 - PCAP duration 0 seconds
2025-05-31 12:20:19 - ----------------------------------------------------------------------------
2025-05-31 12:20:19 - 

----------------------------------------------------------------------------
 TOTAL FLOWS GENERATED: 2
2025-05-31 12:20:19 - ----------------------------------------------------------------------------

2025-05-31 12:20:25 - 
2025-05-31 12:20:25 - CICFlowMeter-V3 found: 1 Files.
2025-05-31 12:20:25 - 
2025-05-31 12:20:25 - Working on... /tmp/buffer.pcap 
2025-05-31 12:20:25 - Done! in 0 seconds
2025-05-31 12:20:25 - 	 Total packets: 10
2025-05-31 12:20:25 - 	 Valid packets: 10
2025-05-31 12:20:25 - 	 Ignored packets:0 0 
2025-05-31 12:20:25 - PCAP duration 0 seconds
2025-05-31 12:20:25 - ----------------------------------------------------------------------------
2025-05-31 12:20:25 - 

----------------------------------------------------------------------------
 TOTAL FLOWS GENERATED: 2
2025-05-31 12:20:25 - ----------------------------------------------------------------------------

2025-05-31 12:20:32 - 
2025-05-31 12:20:32 - CICFlowMeter-V3 found: 1 Files.
2025-05-31 12:20:32 - 
2025-05-31 12:20:32 - Working on... /tmp/buffer.pcap 
2025-05-31 12:20:32 - Done! in 0 seconds
2025-05-31 12:20:32 - 	 Total packets: 20
2025-05-31 12:20:32 - 	 Valid packets: 20
2025-05-31 12:20:32 - 	 Ignored packets:0 0 
2025-05-31 12:20:32 - PCAP duration 4 seconds
2025-05-31 12:20:32 - ----------------------------------------------------------------------------
2025-05-31 12:20:32 - 

----------------------------------------------------------------------------
 TOTAL FLOWS GENERATED: 4
2025-05-31 12:20:32 - ----------------------------------------------------------------------------

2025-05-31 12:20:38 - 
2025-05-31 12:20:38 - CICFlowMeter-V3 found: 1 Files.
2025-05-31 12:20:38 - 
2025-05-31 12:20:38 - Working on... /tmp/buffer.pcap 
2025-05-31 12:20:38 - Done! in 0 seconds
2025-05-31 12:20:38 - 	 Total packets: 10
2025-05-31 12:20:38 - 	 Valid packets: 10
2025-05-31 12:20:38 - 	 Ignored packets:0 0 
2025-05-31 12:20:38 - PCAP duration 0 seconds
2025-05-31 12:20:38 - ----------------------------------------------------------------------------
2025-05-31 12:20:38 - 

----------------------------------------------------------------------------
 TOTAL FLOWS GENERATED: 2
2025-05-31 12:20:38 - ----------------------------------------------------------------------------

2025-05-31 12:20:45 - 
2025-05-31 12:20:45 - CICFlowMeter-V3 found: 1 Files.
2025-05-31 12:20:45 - 
2025-05-31 12:20:45 - Working on... /tmp/buffer.pcap 
2025-05-31 12:20:45 - Done! in 0 seconds
2025-05-31 12:20:45 - 	 Total packets: 10
2025-05-31 12:20:45 - 	 Valid packets: 10
2025-05-31 12:20:45 - 	 Ignored packets:0 0 
2025-05-31 12:20:45 - PCAP duration 0 seconds
2025-05-31 12:20:45 - ----------------------------------------------------------------------------
2025-05-31 12:20:45 - 

----------------------------------------------------------------------------
 TOTAL FLOWS GENERATED: 2
2025-05-31 12:20:45 - ----------------------------------------------------------------------------

2025-05-31 12:20:51 - 
2025-05-31 12:20:51 - CICFlowMeter-V3 found: 1 Files.
2025-05-31 12:20:52 - 
2025-05-31 12:20:52 - Working on... /tmp/buffer.pcap 
2025-05-31 12:20:52 - Done! in 0 seconds
2025-05-31 12:20:52 - 	 Total packets: 10
2025-05-31 12:20:52 - 	 Valid packets: 10
2025-05-31 12:20:52 - 	 Ignored packets:0 0 
2025-05-31 12:20:52 - PCAP duration 0 seconds
2025-05-31 12:20:52 - ----------------------------------------------------------------------------
2025-05-31 12:20:52 - 

----------------------------------------------------------------------------
 TOTAL FLOWS GENERATED: 2
2025-05-31 12:20:52 - ----------------------------------------------------------------------------

2025-05-31 12:21:01 - 
2025-05-31 12:21:01 - CICFlowMeter-V3 found: 1 Files.
2025-05-31 12:21:01 - 
2025-05-31 12:21:01 - Working on... /tmp/buffer.pcap 
2025-05-31 12:21:01 - Done! in 0 seconds
2025-05-31 12:21:01 - 	 Total packets: 10
2025-05-31 12:21:01 - 	 Valid packets: 10
2025-05-31 12:21:01 - 	 Ignored packets:0 0 
2025-05-31 12:21:01 - PCAP duration 0 seconds
2025-05-31 12:21:01 - ----------------------------------------------------------------------------
2025-05-31 12:21:01 - 

----------------------------------------------------------------------------
 TOTAL FLOWS GENERATED: 2
2025-05-31 12:21:01 - ----------------------------------------------------------------------------

2025-05-31 12:21:07 - 
2025-05-31 12:21:07 - CICFlowMeter-V3 found: 1 Files.
2025-05-31 12:21:07 - 
2025-05-31 12:21:07 - Working on... /tmp/buffer.pcap 
2025-05-31 12:21:07 - Done! in 0 seconds
2025-05-31 12:21:07 - 	 Total packets: 10
2025-05-31 12:21:07 - 	 Valid packets: 10
2025-05-31 12:21:07 - 	 Ignored packets:0 0 
2025-05-31 12:21:07 - PCAP duration 0 seconds
2025-05-31 12:21:07 - ----------------------------------------------------------------------------
2025-05-31 12:21:07 - 

----------------------------------------------------------------------------
 TOTAL FLOWS GENERATED: 2
2025-05-31 12:21:07 - ----------------------------------------------------------------------------

2025-05-31 12:21:14 - 
2025-05-31 12:21:14 - CICFlowMeter-V3 found: 1 Files.
2025-05-31 12:21:14 - 
2025-05-31 12:21:14 - Working on... /tmp/buffer.pcap 
2025-05-31 12:21:14 - Done! in 0 seconds
2025-05-31 12:21:14 - 	 Total packets: 10
2025-05-31 12:21:14 - 	 Valid packets: 10
2025-05-31 12:21:14 - 	 Ignored packets:0 0 
2025-05-31 12:21:14 - PCAP duration 0 seconds
2025-05-31 12:21:14 - ----------------------------------------------------------------------------
2025-05-31 12:21:14 - 

----------------------------------------------------------------------------
 TOTAL FLOWS GENERATED: 2
2025-05-31 12:21:14 - ----------------------------------------------------------------------------

2025-05-31 12:21:20 - 
2025-05-31 12:21:20 - CICFlowMeter-V3 found: 1 Files.
2025-05-31 12:21:20 - 
2025-05-31 12:21:20 - Working on... /tmp/buffer.pcap 
2025-05-31 12:21:20 - Done! in 0 seconds
2025-05-31 12:21:20 - 	 Total packets: 21
2025-05-31 12:21:20 - 	 Valid packets: 20
2025-05-31 12:21:20 - 	 Ignored packets:1 1 
2025-05-31 12:21:20 - PCAP duration 4 seconds
2025-05-31 12:21:20 - ----------------------------------------------------------------------------
2025-05-31 12:21:20 - 

----------------------------------------------------------------------------
 TOTAL FLOWS GENERATED: 4
2025-05-31 12:21:20 - ----------------------------------------------------------------------------

2025-05-31 12:21:27 - 
2025-05-31 12:21:27 - CICFlowMeter-V3 found: 1 Files.
2025-05-31 12:21:27 - 
2025-05-31 12:21:27 - Working on... /tmp/buffer.pcap 
2025-05-31 12:21:27 - Done! in 0 seconds
2025-05-31 12:21:27 - 	 Total packets: 10
2025-05-31 12:21:27 - 	 Valid packets: 10
2025-05-31 12:21:27 - 	 Ignored packets:0 0 
2025-05-31 12:21:27 - PCAP duration 0 seconds
2025-05-31 12:21:27 - ----------------------------------------------------------------------------
2025-05-31 12:21:27 - 

----------------------------------------------------------------------------
 TOTAL FLOWS GENERATED: 2
2025-05-31 12:21:27 - ----------------------------------------------------------------------------

2025-05-31 12:21:33 - 
2025-05-31 12:21:33 - CICFlowMeter-V3 found: 1 Files.
2025-05-31 12:21:33 - 
2025-05-31 12:21:33 - Working on... /tmp/buffer.pcap 
2025-05-31 12:21:33 - Done! in 0 seconds
2025-05-31 12:21:33 - 	 Total packets: 10
2025-05-31 12:21:33 - 	 Valid packets: 10
2025-05-31 12:21:33 - 	 Ignored packets:0 0 
2025-05-31 12:21:33 - PCAP duration 0 seconds
2025-05-31 12:21:33 - ----------------------------------------------------------------------------
2025-05-31 12:21:33 - 

----------------------------------------------------------------------------
 TOTAL FLOWS GENERATED: 2
2025-05-31 12:21:33 - ----------------------------------------------------------------------------

2025-05-31 12:21:40 - 
2025-05-31 12:21:40 - CICFlowMeter-V3 found: 1 Files.
2025-05-31 12:21:40 - 
2025-05-31 12:21:40 - Working on... /tmp/buffer.pcap 
2025-05-31 12:21:40 - Done! in 0 seconds
2025-05-31 12:21:40 - 	 Total packets: 20
2025-05-31 12:21:40 - 	 Valid packets: 20
2025-05-31 12:21:40 - 	 Ignored packets:0 0 
2025-05-31 12:21:40 - PCAP duration 4 seconds
2025-05-31 12:21:40 - ----------------------------------------------------------------------------
2025-05-31 12:21:40 - 

----------------------------------------------------------------------------
 TOTAL FLOWS GENERATED: 4
2025-05-31 12:21:40 - ----------------------------------------------------------------------------

2025-05-31 12:23:59 - 
2025-05-31 12:23:59 - CICFlowMeter-V3 found: 1 Files.
2025-05-31 12:23:59 - 
2025-05-31 12:23:59 - Working on... /tmp/buffer.pcap 
2025-05-31 12:23:59 - Done! in 0 seconds
2025-05-31 12:23:59 - 	 Total packets: 12
2025-05-31 12:23:59 - 	 Valid packets: 12
2025-05-31 12:23:59 - 	 Ignored packets:0 0 
2025-05-31 12:23:59 - PCAP duration 1 seconds
2025-05-31 12:23:59 - ----------------------------------------------------------------------------
2025-05-31 12:23:59 - 

----------------------------------------------------------------------------
 TOTAL FLOWS GENERATED: 3
2025-05-31 12:23:59 - ----------------------------------------------------------------------------

2025-05-31 12:24:06 - 
2025-05-31 12:24:06 - CICFlowMeter-V3 found: 1 Files.
2025-05-31 12:24:06 - 
2025-05-31 12:24:06 - Working on... /tmp/buffer.pcap 
2025-05-31 12:24:06 - Done! in 0 seconds
2025-05-31 12:24:06 - 	 Total packets: 10
2025-05-31 12:24:06 - 	 Valid packets: 10
2025-05-31 12:24:06 - 	 Ignored packets:0 0 
2025-05-31 12:24:06 - PCAP duration 0 seconds
2025-05-31 12:24:06 - ----------------------------------------------------------------------------
2025-05-31 12:24:06 - 

----------------------------------------------------------------------------
 TOTAL FLOWS GENERATED: 2
2025-05-31 12:24:06 - ----------------------------------------------------------------------------

2025-05-31 12:24:12 - 
2025-05-31 12:24:12 - CICFlowMeter-V3 found: 1 Files.
2025-05-31 12:24:12 - 
2025-05-31 12:24:12 - Working on... /tmp/buffer.pcap 
2025-05-31 12:24:12 - Done! in 0 seconds
2025-05-31 12:24:12 - 	 Total packets: 20
2025-05-31 12:24:12 - 	 Valid packets: 20
2025-05-31 12:24:12 - 	 Ignored packets:0 0 
2025-05-31 12:24:12 - PCAP duration 4 seconds
2025-05-31 12:24:12 - ----------------------------------------------------------------------------
2025-05-31 12:24:12 - 

----------------------------------------------------------------------------
 TOTAL FLOWS GENERATED: 4
2025-05-31 12:24:12 - ----------------------------------------------------------------------------

2025-05-31 12:24:19 - 
2025-05-31 12:24:19 - CICFlowMeter-V3 found: 1 Files.
2025-05-31 12:24:19 - 
2025-05-31 12:24:19 - Working on... /tmp/buffer.pcap 
2025-05-31 12:24:19 - Done! in 0 seconds
2025-05-31 12:24:19 - 	 Total packets: 10
2025-05-31 12:24:19 - 	 Valid packets: 10
2025-05-31 12:24:19 - 	 Ignored packets:0 0 
2025-05-31 12:24:19 - PCAP duration 0 seconds
2025-05-31 12:24:19 - ----------------------------------------------------------------------------
2025-05-31 12:24:19 - 

----------------------------------------------------------------------------
 TOTAL FLOWS GENERATED: 2
2025-05-31 12:24:19 - ----------------------------------------------------------------------------

2025-05-31 12:24:25 - 
2025-05-31 12:24:25 - CICFlowMeter-V3 found: 1 Files.
2025-05-31 12:24:25 - 
2025-05-31 12:24:25 - Working on... /tmp/buffer.pcap 
2025-05-31 12:24:25 - Done! in 0 seconds
2025-05-31 12:24:25 - 	 Total packets: 10
2025-05-31 12:24:25 - 	 Valid packets: 10
2025-05-31 12:24:25 - 	 Ignored packets:0 0 
2025-05-31 12:24:25 - PCAP duration 0 seconds
2025-05-31 12:24:25 - ----------------------------------------------------------------------------
2025-05-31 12:24:25 - 

----------------------------------------------------------------------------
 TOTAL FLOWS GENERATED: 2
2025-05-31 12:24:25 - ----------------------------------------------------------------------------

2025-05-31 12:24:39 - 
2025-05-31 12:24:39 - CICFlowMeter-V3 found: 1 Files.
2025-05-31 12:24:39 - 
2025-05-31 12:24:39 - Working on... /tmp/buffer.pcap 
2025-05-31 12:24:39 - Done! in 0 seconds
2025-05-31 12:24:39 - 	 Total packets: 10
2025-05-31 12:24:39 - 	 Valid packets: 10
2025-05-31 12:24:39 - 	 Ignored packets:0 0 
2025-05-31 12:24:39 - PCAP duration 0 seconds
2025-05-31 12:24:39 - ----------------------------------------------------------------------------
2025-05-31 12:24:39 - 

----------------------------------------------------------------------------
 TOTAL FLOWS GENERATED: 2
2025-05-31 12:24:39 - ----------------------------------------------------------------------------

2025-05-31 12:24:45 - 
2025-05-31 12:24:45 - CICFlowMeter-V3 found: 1 Files.
2025-05-31 12:24:45 - 
2025-05-31 12:24:45 - Working on... /tmp/buffer.pcap 
2025-05-31 12:24:46 - Done! in 0 seconds
2025-05-31 12:24:46 - 	 Total packets: 10
2025-05-31 12:24:46 - 	 Valid packets: 10
2025-05-31 12:24:46 - 	 Ignored packets:0 0 
2025-05-31 12:24:46 - PCAP duration 0 seconds
2025-05-31 12:24:46 - ----------------------------------------------------------------------------
2025-05-31 12:24:46 - 

----------------------------------------------------------------------------
 TOTAL FLOWS GENERATED: 2
2025-05-31 12:24:46 - ----------------------------------------------------------------------------

2025-05-31 12:24:52 - 
2025-05-31 12:24:52 - CICFlowMeter-V3 found: 1 Files.
2025-05-31 12:24:52 - 
2025-05-31 12:24:52 - Working on... /tmp/buffer.pcap 
2025-05-31 12:24:52 - Done! in 0 seconds
2025-05-31 12:24:52 - 	 Total packets: 15
2025-05-31 12:24:52 - 	 Valid packets: 15
2025-05-31 12:24:52 - 	 Ignored packets:0 0 
2025-05-31 12:24:52 - PCAP duration 4 seconds
2025-05-31 12:24:52 - ----------------------------------------------------------------------------
2025-05-31 12:24:52 - 

----------------------------------------------------------------------------
 TOTAL FLOWS GENERATED: 4
2025-05-31 12:24:52 - ----------------------------------------------------------------------------

2025-05-31 12:24:58 - 
2025-05-31 12:24:58 - CICFlowMeter-V3 found: 1 Files.
2025-05-31 12:24:58 - 
2025-05-31 12:24:58 - Working on... /tmp/buffer.pcap 
2025-05-31 12:24:59 - Done! in 0 seconds
2025-05-31 12:24:59 - 	 Total packets: 10
2025-05-31 12:24:59 - 	 Valid packets: 10
2025-05-31 12:24:59 - 	 Ignored packets:0 0 
2025-05-31 12:24:59 - PCAP duration 0 seconds
2025-05-31 12:24:59 - ----------------------------------------------------------------------------
2025-05-31 12:24:59 - 

----------------------------------------------------------------------------
 TOTAL FLOWS GENERATED: 2
2025-05-31 12:24:59 - ----------------------------------------------------------------------------

2025-05-31 12:25:07 - 
2025-05-31 12:25:07 - CICFlowMeter-V3 found: 1 Files.
2025-05-31 12:25:07 - 
2025-05-31 12:25:07 - Working on... /tmp/buffer.pcap 
2025-05-31 12:25:07 - Done! in 0 seconds
2025-05-31 12:25:07 - 	 Total packets: 10
2025-05-31 12:25:07 - 	 Valid packets: 10
2025-05-31 12:25:07 - 	 Ignored packets:0 0 
2025-05-31 12:25:07 - PCAP duration 0 seconds
2025-05-31 12:25:07 - ----------------------------------------------------------------------------
2025-05-31 12:25:07 - 

----------------------------------------------------------------------------
 TOTAL FLOWS GENERATED: 2
2025-05-31 12:25:07 - ----------------------------------------------------------------------------

2025-05-31 12:25:13 - 
2025-05-31 12:25:13 - CICFlowMeter-V3 found: 1 Files.
2025-05-31 12:25:13 - 
2025-05-31 12:25:13 - Working on... /tmp/buffer.pcap 
2025-05-31 12:25:13 - Done! in 0 seconds
2025-05-31 12:25:13 - 	 Total packets: 10
2025-05-31 12:25:13 - 	 Valid packets: 10
2025-05-31 12:25:13 - 	 Ignored packets:0 0 
2025-05-31 12:25:13 - PCAP duration 0 seconds
2025-05-31 12:25:13 - ----------------------------------------------------------------------------
2025-05-31 12:25:13 - 

----------------------------------------------------------------------------
 TOTAL FLOWS GENERATED: 2
2025-05-31 12:25:13 - ----------------------------------------------------------------------------

2025-05-31 12:25:20 - 
2025-05-31 12:25:20 - CICFlowMeter-V3 found: 1 Files.
2025-05-31 12:25:20 - 
2025-05-31 12:25:20 - Working on... /tmp/buffer.pcap 
2025-05-31 12:25:20 - Done! in 0 seconds
2025-05-31 12:25:20 - 	 Total packets: 20
2025-05-31 12:25:20 - 	 Valid packets: 20
2025-05-31 12:25:20 - 	 Ignored packets:0 0 
2025-05-31 12:25:20 - PCAP duration 4 seconds
2025-05-31 12:25:20 - ----------------------------------------------------------------------------
2025-05-31 12:25:20 - 

----------------------------------------------------------------------------
 TOTAL FLOWS GENERATED: 4
2025-05-31 12:25:20 - ----------------------------------------------------------------------------

2025-05-31 12:26:39 - 
2025-05-31 12:26:39 - CICFlowMeter-V3 found: 1 Files.
2025-05-31 12:26:39 - 
2025-05-31 12:26:39 - Working on... /tmp/buffer.pcap 
2025-05-31 12:26:39 - Done! in 0 seconds
2025-05-31 12:26:39 - 	 Total packets: 20
2025-05-31 12:26:39 - 	 Valid packets: 20
2025-05-31 12:26:39 - 	 Ignored packets:0 0 
2025-05-31 12:26:39 - PCAP duration 4 seconds
2025-05-31 12:26:39 - ----------------------------------------------------------------------------
2025-05-31 12:26:39 - 

----------------------------------------------------------------------------
 TOTAL FLOWS GENERATED: 4
2025-05-31 12:26:39 - ----------------------------------------------------------------------------

2025-05-31 12:26:46 - 
2025-05-31 12:26:46 - CICFlowMeter-V3 found: 1 Files.
2025-05-31 12:26:46 - 
2025-05-31 12:26:46 - Working on... /tmp/buffer.pcap 
2025-05-31 12:26:46 - Done! in 0 seconds
2025-05-31 12:26:46 - 	 Total packets: 10
2025-05-31 12:26:46 - 	 Valid packets: 10
2025-05-31 12:26:46 - 	 Ignored packets:0 0 
2025-05-31 12:26:46 - PCAP duration 0 seconds
2025-05-31 12:26:46 - ----------------------------------------------------------------------------
2025-05-31 12:26:46 - 

----------------------------------------------------------------------------
 TOTAL FLOWS GENERATED: 2
2025-05-31 12:26:46 - ----------------------------------------------------------------------------

2025-05-31 12:26:52 - 
2025-05-31 12:26:52 - CICFlowMeter-V3 found: 1 Files.
2025-05-31 12:26:52 - 
2025-05-31 12:26:52 - Working on... /tmp/buffer.pcap 
2025-05-31 12:26:52 - Done! in 0 seconds
2025-05-31 12:26:52 - 	 Total packets: 10
2025-05-31 12:26:52 - 	 Valid packets: 10
2025-05-31 12:26:52 - 	 Ignored packets:0 0 
2025-05-31 12:26:52 - PCAP duration 0 seconds
2025-05-31 12:26:52 - ----------------------------------------------------------------------------
2025-05-31 12:26:52 - 

----------------------------------------------------------------------------
 TOTAL FLOWS GENERATED: 2
2025-05-31 12:26:52 - ----------------------------------------------------------------------------

2025-05-31 12:28:11 - 
2025-05-31 12:28:11 - CICFlowMeter-V3 found: 1 Files.
2025-05-31 12:28:12 - 
2025-05-31 12:28:12 - Working on... /tmp/buffer.pcap 
2025-05-31 12:28:12 - Done! in 0 seconds
2025-05-31 12:28:12 - 	 Total packets: 20
2025-05-31 12:28:12 - 	 Valid packets: 20
2025-05-31 12:28:12 - 	 Ignored packets:0 0 
2025-05-31 12:28:12 - PCAP duration 4 seconds
2025-05-31 12:28:12 - ----------------------------------------------------------------------------
2025-05-31 12:28:12 - 

----------------------------------------------------------------------------
 TOTAL FLOWS GENERATED: 4
2025-05-31 12:28:12 - ----------------------------------------------------------------------------

2025-05-31 12:28:18 - 
2025-05-31 12:28:18 - CICFlowMeter-V3 found: 1 Files.
2025-05-31 12:28:18 - 
2025-05-31 12:28:18 - Working on... /tmp/buffer.pcap 
2025-05-31 12:28:18 - Done! in 0 seconds
2025-05-31 12:28:18 - 	 Total packets: 10
2025-05-31 12:28:18 - 	 Valid packets: 10
2025-05-31 12:28:18 - 	 Ignored packets:0 0 
2025-05-31 12:28:18 - PCAP duration 0 seconds
2025-05-31 12:28:18 - ----------------------------------------------------------------------------
2025-05-31 12:28:18 - 

----------------------------------------------------------------------------
 TOTAL FLOWS GENERATED: 2
2025-05-31 12:28:18 - ----------------------------------------------------------------------------

2025-05-31 12:28:24 - 
2025-05-31 12:28:24 - CICFlowMeter-V3 found: 1 Files.
2025-05-31 12:28:25 - 
2025-05-31 12:28:25 - Working on... /tmp/buffer.pcap 
2025-05-31 12:28:25 - Done! in 0 seconds
2025-05-31 12:28:25 - 	 Total packets: 10
2025-05-31 12:28:25 - 	 Valid packets: 10
2025-05-31 12:28:25 - 	 Ignored packets:0 0 
2025-05-31 12:28:25 - PCAP duration 0 seconds
2025-05-31 12:28:25 - ----------------------------------------------------------------------------
2025-05-31 12:28:25 - 

----------------------------------------------------------------------------
 TOTAL FLOWS GENERATED: 2
2025-05-31 12:28:25 - ----------------------------------------------------------------------------

2025-05-31 12:28:31 - 
2025-05-31 12:28:31 - CICFlowMeter-V3 found: 1 Files.
2025-05-31 12:28:31 - 
2025-05-31 12:28:31 - Working on... /tmp/buffer.pcap 
2025-05-31 12:28:31 - Done! in 0 seconds
2025-05-31 12:28:31 - 	 Total packets: 10
2025-05-31 12:28:31 - 	 Valid packets: 10
2025-05-31 12:28:31 - 	 Ignored packets:0 0 
2025-05-31 12:28:31 - PCAP duration 0 seconds
2025-05-31 12:28:31 - ----------------------------------------------------------------------------
2025-05-31 12:28:31 - 

----------------------------------------------------------------------------
 TOTAL FLOWS GENERATED: 2
2025-05-31 12:28:31 - ----------------------------------------------------------------------------

2025-05-31 12:29:00 - 
2025-05-31 12:29:00 - CICFlowMeter-V3 found: 1 Files.
2025-05-31 12:29:00 - 
2025-05-31 12:29:00 - Working on... /tmp/buffer.pcap 
2025-05-31 12:29:00 - Done! in 0 seconds
2025-05-31 12:29:00 - 	 Total packets: 20
2025-05-31 12:29:00 - 	 Valid packets: 20
2025-05-31 12:29:00 - 	 Ignored packets:0 0 
2025-05-31 12:29:00 - PCAP duration 4 seconds
2025-05-31 12:29:00 - ----------------------------------------------------------------------------
2025-05-31 12:29:00 - 

----------------------------------------------------------------------------
 TOTAL FLOWS GENERATED: 4
2025-05-31 12:29:00 - ----------------------------------------------------------------------------

2025-05-31 12:29:06 - 
2025-05-31 12:29:06 - CICFlowMeter-V3 found: 1 Files.
2025-05-31 12:29:07 - 
2025-05-31 12:29:07 - Working on... /tmp/buffer.pcap 
2025-05-31 12:29:07 - Done! in 0 seconds
2025-05-31 12:29:07 - 	 Total packets: 10
2025-05-31 12:29:07 - 	 Valid packets: 10
2025-05-31 12:29:07 - 	 Ignored packets:0 0 
2025-05-31 12:29:07 - PCAP duration 0 seconds
2025-05-31 12:29:07 - ----------------------------------------------------------------------------
2025-05-31 12:29:07 - 

----------------------------------------------------------------------------
 TOTAL FLOWS GENERATED: 2
2025-05-31 12:29:07 - ----------------------------------------------------------------------------

2025-05-31 12:29:13 - 
2025-05-31 12:29:13 - CICFlowMeter-V3 found: 1 Files.
2025-05-31 12:29:13 - 
2025-05-31 12:29:13 - Working on... /tmp/buffer.pcap 
2025-05-31 12:29:13 - Done! in 0 seconds
2025-05-31 12:29:13 - 	 Total packets: 10
2025-05-31 12:29:13 - 	 Valid packets: 10
2025-05-31 12:29:13 - 	 Ignored packets:0 0 
2025-05-31 12:29:13 - PCAP duration 0 seconds
2025-05-31 12:29:13 - ----------------------------------------------------------------------------
2025-05-31 12:29:13 - 

----------------------------------------------------------------------------
 TOTAL FLOWS GENERATED: 2
2025-05-31 12:29:13 - ----------------------------------------------------------------------------

2025-05-31 12:29:20 - 
2025-05-31 12:29:20 - CICFlowMeter-V3 found: 1 Files.
2025-05-31 12:29:20 - 
2025-05-31 12:29:20 - Working on... /tmp/buffer.pcap 
2025-05-31 12:29:20 - Done! in 0 seconds
2025-05-31 12:29:20 - 	 Total packets: 20
2025-05-31 12:29:20 - 	 Valid packets: 20
2025-05-31 12:29:20 - 	 Ignored packets:0 0 
2025-05-31 12:29:20 - PCAP duration 4 seconds
2025-05-31 12:29:20 - ----------------------------------------------------------------------------
2025-05-31 12:29:20 - 

----------------------------------------------------------------------------
 TOTAL FLOWS GENERATED: 4
2025-05-31 12:29:20 - ----------------------------------------------------------------------------

2025-05-31 12:29:26 - 
2025-05-31 12:29:26 - CICFlowMeter-V3 found: 1 Files.
2025-05-31 12:29:26 - 
2025-05-31 12:29:26 - Working on... /tmp/buffer.pcap 
2025-05-31 12:29:26 - Done! in 0 seconds
2025-05-31 12:29:26 - 	 Total packets: 10
2025-05-31 12:29:26 - 	 Valid packets: 10
2025-05-31 12:29:26 - 	 Ignored packets:0 0 
2025-05-31 12:29:26 - PCAP duration 0 seconds
2025-05-31 12:29:26 - ----------------------------------------------------------------------------
2025-05-31 12:29:26 - 

----------------------------------------------------------------------------
 TOTAL FLOWS GENERATED: 2
2025-05-31 12:29:26 - ----------------------------------------------------------------------------

2025-05-31 12:29:35 - 
2025-05-31 12:29:35 - CICFlowMeter-V3 found: 1 Files.
2025-05-31 12:29:35 - 
2025-05-31 12:29:35 - Working on... /tmp/buffer.pcap 
2025-05-31 12:29:35 - Done! in 0 seconds
2025-05-31 12:29:35 - 	 Total packets: 10
2025-05-31 12:29:35 - 	 Valid packets: 10
2025-05-31 12:29:35 - 	 Ignored packets:0 0 
2025-05-31 12:29:35 - PCAP duration 0 seconds
2025-05-31 12:29:35 - ----------------------------------------------------------------------------
2025-05-31 12:29:35 - 

----------------------------------------------------------------------------
 TOTAL FLOWS GENERATED: 2
2025-05-31 12:29:35 - ----------------------------------------------------------------------------

2025-05-31 12:29:41 - 
2025-05-31 12:29:41 - CICFlowMeter-V3 found: 1 Files.
2025-05-31 12:29:41 - 
2025-05-31 12:29:41 - Working on... /tmp/buffer.pcap 
2025-05-31 12:29:41 - Done! in 0 seconds
2025-05-31 12:29:41 - 	 Total packets: 10
2025-05-31 12:29:41 - 	 Valid packets: 10
2025-05-31 12:29:41 - 	 Ignored packets:0 0 
2025-05-31 12:29:41 - PCAP duration 0 seconds
2025-05-31 12:29:41 - ----------------------------------------------------------------------------
2025-05-31 12:29:41 - 

----------------------------------------------------------------------------
 TOTAL FLOWS GENERATED: 2
2025-05-31 12:29:41 - ----------------------------------------------------------------------------

2025-05-31 12:29:48 - 
2025-05-31 12:29:48 - CICFlowMeter-V3 found: 1 Files.
2025-05-31 12:29:48 - 
2025-05-31 12:29:48 - Working on... /tmp/buffer.pcap 
2025-05-31 12:29:48 - Done! in 0 seconds
2025-05-31 12:29:48 - 	 Total packets: 20
2025-05-31 12:29:48 - 	 Valid packets: 20
2025-05-31 12:29:48 - 	 Ignored packets:0 0 
2025-05-31 12:29:48 - PCAP duration 4 seconds
2025-05-31 12:29:48 - ----------------------------------------------------------------------------
2025-05-31 12:29:48 - 

----------------------------------------------------------------------------
 TOTAL FLOWS GENERATED: 4
2025-05-31 12:29:48 - ----------------------------------------------------------------------------

2025-05-31 12:29:54 - 
2025-05-31 12:29:54 - CICFlowMeter-V3 found: 1 Files.
2025-05-31 12:29:55 - 
2025-05-31 12:29:55 - Working on... /tmp/buffer.pcap 
2025-05-31 12:29:55 - Done! in 0 seconds
2025-05-31 12:29:55 - 	 Total packets: 12
2025-05-31 12:29:55 - 	 Valid packets: 12
2025-05-31 12:29:55 - 	 Ignored packets:0 0 
2025-05-31 12:29:55 - PCAP duration 2 seconds
2025-05-31 12:29:55 - ----------------------------------------------------------------------------
2025-05-31 12:29:55 - 

----------------------------------------------------------------------------
 TOTAL FLOWS GENERATED: 3
2025-05-31 12:29:55 - ----------------------------------------------------------------------------

2025-05-31 12:30:01 - 
2025-05-31 12:30:01 - CICFlowMeter-V3 found: 1 Files.
2025-05-31 12:30:01 - 
2025-05-31 12:30:01 - Working on... /tmp/buffer.pcap 
2025-05-31 12:30:01 - Done! in 0 seconds
2025-05-31 12:30:01 - 	 Total packets: 10
2025-05-31 12:30:01 - 	 Valid packets: 10
2025-05-31 12:30:01 - 	 Ignored packets:0 0 
2025-05-31 12:30:01 - PCAP duration 0 seconds
2025-05-31 12:30:01 - ----------------------------------------------------------------------------
2025-05-31 12:30:01 - 

----------------------------------------------------------------------------
 TOTAL FLOWS GENERATED: 2
2025-05-31 12:30:01 - ----------------------------------------------------------------------------

2025-05-31 12:30:07 - 
2025-05-31 12:30:07 - CICFlowMeter-V3 found: 1 Files.
2025-05-31 12:30:08 - 
2025-05-31 12:30:08 - Working on... /tmp/buffer.pcap 
2025-05-31 12:30:08 - Done! in 0 seconds
2025-05-31 12:30:08 - 	 Total packets: 20
2025-05-31 12:30:08 - 	 Valid packets: 20
2025-05-31 12:30:08 - 	 Ignored packets:0 0 
2025-05-31 12:30:08 - PCAP duration 4 seconds
2025-05-31 12:30:08 - ----------------------------------------------------------------------------
2025-05-31 12:30:08 - 

----------------------------------------------------------------------------
 TOTAL FLOWS GENERATED: 4
2025-05-31 12:30:08 - ----------------------------------------------------------------------------

2025-05-31 12:30:14 - 
2025-05-31 12:30:14 - CICFlowMeter-V3 found: 1 Files.
2025-05-31 12:30:14 - 
2025-05-31 12:30:14 - Working on... /tmp/buffer.pcap 
2025-05-31 12:30:14 - Done! in 0 seconds
2025-05-31 12:30:14 - 	 Total packets: 10
2025-05-31 12:30:14 - 	 Valid packets: 10
2025-05-31 12:30:14 - 	 Ignored packets:0 0 
2025-05-31 12:30:14 - PCAP duration 0 seconds
2025-05-31 12:30:14 - ----------------------------------------------------------------------------
2025-05-31 12:30:14 - 

----------------------------------------------------------------------------
 TOTAL FLOWS GENERATED: 2
2025-05-31 12:30:14 - ----------------------------------------------------------------------------

2025-05-31 12:30:23 - 
2025-05-31 12:30:23 - CICFlowMeter-V3 found: 1 Files.
2025-05-31 12:30:23 - 
2025-05-31 12:30:23 - Working on... /tmp/buffer.pcap 
2025-05-31 12:30:23 - Done! in 0 seconds
2025-05-31 12:30:23 - 	 Total packets: 20
2025-05-31 12:30:23 - 	 Valid packets: 20
2025-05-31 12:30:23 - 	 Ignored packets:0 0 
2025-05-31 12:30:23 - PCAP duration 4 seconds
2025-05-31 12:30:23 - ----------------------------------------------------------------------------
2025-05-31 12:30:23 - 

----------------------------------------------------------------------------
 TOTAL FLOWS GENERATED: 4
2025-05-31 12:30:23 - ----------------------------------------------------------------------------

2025-05-31 12:30:30 - 
2025-05-31 12:30:30 - CICFlowMeter-V3 found: 1 Files.
2025-05-31 12:30:30 - 
2025-05-31 12:30:30 - Working on... /tmp/buffer.pcap 
2025-05-31 12:30:30 - Done! in 0 seconds
2025-05-31 12:30:30 - 	 Total packets: 10
2025-05-31 12:30:30 - 	 Valid packets: 10
2025-05-31 12:30:30 - 	 Ignored packets:0 0 
2025-05-31 12:30:30 - PCAP duration 0 seconds
2025-05-31 12:30:30 - ----------------------------------------------------------------------------
2025-05-31 12:30:30 - 

----------------------------------------------------------------------------
 TOTAL FLOWS GENERATED: 2
2025-05-31 12:30:30 - ----------------------------------------------------------------------------

2025-05-31 12:30:36 - 
2025-05-31 12:30:36 - CICFlowMeter-V3 found: 1 Files.
2025-05-31 12:30:36 - 
2025-05-31 12:30:36 - Working on... /tmp/buffer.pcap 
2025-05-31 12:30:36 - Done! in 0 seconds
2025-05-31 12:30:36 - 	 Total packets: 10
2025-05-31 12:30:36 - 	 Valid packets: 10
2025-05-31 12:30:36 - 	 Ignored packets:0 0 
2025-05-31 12:30:36 - PCAP duration 0 seconds
2025-05-31 12:30:36 - ----------------------------------------------------------------------------
2025-05-31 12:30:36 - 

----------------------------------------------------------------------------
 TOTAL FLOWS GENERATED: 2
2025-05-31 12:30:36 - ----------------------------------------------------------------------------

2025-05-31 12:30:43 - 
2025-05-31 12:30:43 - CICFlowMeter-V3 found: 1 Files.
2025-05-31 12:30:43 - 
2025-05-31 12:30:43 - Working on... /tmp/buffer.pcap 
2025-05-31 12:30:43 - Done! in 0 seconds
2025-05-31 12:30:43 - 	 Total packets: 10
2025-05-31 12:30:43 - 	 Valid packets: 10
2025-05-31 12:30:43 - 	 Ignored packets:0 0 
2025-05-31 12:30:43 - PCAP duration 0 seconds
2025-05-31 12:30:43 - ----------------------------------------------------------------------------
2025-05-31 12:30:43 - 

----------------------------------------------------------------------------
 TOTAL FLOWS GENERATED: 2
2025-05-31 12:30:43 - ----------------------------------------------------------------------------

2025-05-31 12:30:49 - 
2025-05-31 12:30:49 - CICFlowMeter-V3 found: 1 Files.
2025-05-31 12:30:50 - 
2025-05-31 12:30:50 - Working on... /tmp/buffer.pcap 
2025-05-31 12:30:50 - Done! in 0 seconds
2025-05-31 12:30:50 - 	 Total packets: 10
2025-05-31 12:30:50 - 	 Valid packets: 10
2025-05-31 12:30:50 - 	 Ignored packets:0 0 
2025-05-31 12:30:50 - PCAP duration 0 seconds
2025-05-31 12:30:50 - ----------------------------------------------------------------------------
2025-05-31 12:30:50 - 

----------------------------------------------------------------------------
 TOTAL FLOWS GENERATED: 2
2025-05-31 12:30:50 - ----------------------------------------------------------------------------

2025-05-31 12:30:56 - 
2025-05-31 12:30:56 - CICFlowMeter-V3 found: 1 Files.
2025-05-31 12:30:56 - 
2025-05-31 12:30:56 - Working on... /tmp/buffer.pcap 
2025-05-31 12:30:56 - Done! in 0 seconds
2025-05-31 12:30:56 - 	 Total packets: 20
2025-05-31 12:30:56 - 	 Valid packets: 20
2025-05-31 12:30:56 - 	 Ignored packets:0 0 
2025-05-31 12:30:56 - PCAP duration 4 seconds
2025-05-31 12:30:56 - ----------------------------------------------------------------------------
2025-05-31 12:30:56 - 

----------------------------------------------------------------------------
 TOTAL FLOWS GENERATED: 4
2025-05-31 12:30:56 - ----------------------------------------------------------------------------

2025-05-31 12:31:03 - 
2025-05-31 12:31:03 - CICFlowMeter-V3 found: 1 Files.
2025-05-31 12:31:03 - 
2025-05-31 12:31:03 - Working on... /tmp/buffer.pcap 
2025-05-31 12:31:03 - Done! in 0 seconds
2025-05-31 12:31:03 - 	 Total packets: 10
2025-05-31 12:31:03 - 	 Valid packets: 10
2025-05-31 12:31:03 - 	 Ignored packets:0 0 
2025-05-31 12:31:03 - PCAP duration 0 seconds
2025-05-31 12:31:03 - ----------------------------------------------------------------------------
2025-05-31 12:31:03 - 

----------------------------------------------------------------------------
 TOTAL FLOWS GENERATED: 2
2025-05-31 12:31:03 - ----------------------------------------------------------------------------

2025-05-31 12:31:09 - 
2025-05-31 12:31:09 - CICFlowMeter-V3 found: 1 Files.
2025-05-31 12:31:09 - 
2025-05-31 12:31:09 - Working on... /tmp/buffer.pcap 
2025-05-31 12:31:09 - Done! in 0 seconds
2025-05-31 12:31:09 - 	 Total packets: 10
2025-05-31 12:31:09 - 	 Valid packets: 10
2025-05-31 12:31:09 - 	 Ignored packets:0 0 
2025-05-31 12:31:09 - PCAP duration 0 seconds
2025-05-31 12:31:09 - ----------------------------------------------------------------------------
2025-05-31 12:31:09 - 

----------------------------------------------------------------------------
 TOTAL FLOWS GENERATED: 2
2025-05-31 12:31:09 - ----------------------------------------------------------------------------

2025-05-31 12:31:16 - 
2025-05-31 12:31:16 - CICFlowMeter-V3 found: 1 Files.
2025-05-31 12:31:16 - 
2025-05-31 12:31:16 - Working on... /tmp/buffer.pcap 
2025-05-31 12:31:16 - Done! in 0 seconds
2025-05-31 12:31:16 - 	 Total packets: 20
2025-05-31 12:31:16 - 	 Valid packets: 20
2025-05-31 12:31:16 - 	 Ignored packets:0 0 
2025-05-31 12:31:16 - PCAP duration 4 seconds
2025-05-31 12:31:16 - ----------------------------------------------------------------------------
2025-05-31 12:31:16 - 

----------------------------------------------------------------------------
 TOTAL FLOWS GENERATED: 4
2025-05-31 12:31:16 - ----------------------------------------------------------------------------

2025-05-31 12:31:22 - 
2025-05-31 12:31:22 - CICFlowMeter-V3 found: 1 Files.
2025-05-31 12:31:22 - 
2025-05-31 12:31:22 - Working on... /tmp/buffer.pcap 
2025-05-31 12:31:22 - Done! in 0 seconds
2025-05-31 12:31:22 - 	 Total packets: 10
2025-05-31 12:31:22 - 	 Valid packets: 10
2025-05-31 12:31:22 - 	 Ignored packets:0 0 
2025-05-31 12:31:22 - PCAP duration 0 seconds
2025-05-31 12:31:22 - ----------------------------------------------------------------------------
2025-05-31 12:31:22 - 

----------------------------------------------------------------------------
 TOTAL FLOWS GENERATED: 2
2025-05-31 12:31:22 - ----------------------------------------------------------------------------

2025-05-31 12:31:29 - 
2025-05-31 12:31:29 - CICFlowMeter-V3 found: 1 Files.
2025-05-31 12:31:29 - 
2025-05-31 12:31:29 - Working on... /tmp/buffer.pcap 
2025-05-31 12:31:29 - Done! in 0 seconds
2025-05-31 12:31:29 - 	 Total packets: 10
2025-05-31 12:31:29 - 	 Valid packets: 10
2025-05-31 12:31:29 - 	 Ignored packets:0 0 
2025-05-31 12:31:29 - PCAP duration 0 seconds
2025-05-31 12:31:29 - ----------------------------------------------------------------------------
2025-05-31 12:31:29 - 

----------------------------------------------------------------------------
 TOTAL FLOWS GENERATED: 2
2025-05-31 12:31:29 - ----------------------------------------------------------------------------

2025-05-31 12:31:35 - 
2025-05-31 12:31:35 - CICFlowMeter-V3 found: 1 Files.
2025-05-31 12:31:36 - 
2025-05-31 12:31:36 - Working on... /tmp/buffer.pcap 
2025-05-31 12:31:36 - Done! in 0 seconds
2025-05-31 12:31:36 - 	 Total packets: 11
2025-05-31 12:31:36 - 	 Valid packets: 11
2025-05-31 12:31:36 - 	 Ignored packets:0 0 
2025-05-31 12:31:36 - PCAP duration 4 seconds
2025-05-31 12:31:36 - ----------------------------------------------------------------------------
2025-05-31 12:31:36 - 

----------------------------------------------------------------------------
 TOTAL FLOWS GENERATED: 2
2025-05-31 12:31:36 - ----------------------------------------------------------------------------

2025-05-31 12:31:42 - 
2025-05-31 12:31:42 - CICFlowMeter-V3 found: 1 Files.
2025-05-31 12:31:42 - 
2025-05-31 12:31:42 - Working on... /tmp/buffer.pcap 
2025-05-31 12:31:42 - Done! in 0 seconds
2025-05-31 12:31:42 - 	 Total packets: 10
2025-05-31 12:31:42 - 	 Valid packets: 10
2025-05-31 12:31:42 - 	 Ignored packets:0 0 
2025-05-31 12:31:42 - PCAP duration 0 seconds
2025-05-31 12:31:42 - ----------------------------------------------------------------------------
2025-05-31 12:31:42 - 

----------------------------------------------------------------------------
 TOTAL FLOWS GENERATED: 2
2025-05-31 12:31:42 - ----------------------------------------------------------------------------

2025-05-31 12:31:48 - 
2025-05-31 12:31:48 - CICFlowMeter-V3 found: 1 Files.
2025-05-31 12:31:49 - 
2025-05-31 12:31:49 - Working on... /tmp/buffer.pcap 
2025-05-31 12:31:49 - Done! in 0 seconds
2025-05-31 12:31:49 - 	 Total packets: 10
2025-05-31 12:31:49 - 	 Valid packets: 10
2025-05-31 12:31:49 - 	 Ignored packets:0 0 
2025-05-31 12:31:49 - PCAP duration 0 seconds
2025-05-31 12:31:49 - ----------------------------------------------------------------------------
2025-05-31 12:31:49 - 

----------------------------------------------------------------------------
 TOTAL FLOWS GENERATED: 2
2025-05-31 12:31:49 - ----------------------------------------------------------------------------

2025-05-31 12:32:09 - 
2025-05-31 12:32:09 - CICFlowMeter-V3 found: 1 Files.
2025-05-31 12:32:09 - 
2025-05-31 12:32:09 - Working on... /tmp/buffer.pcap 
2025-05-31 12:32:09 - Done! in 0 seconds
2025-05-31 12:32:09 - 	 Total packets: 10
2025-05-31 12:32:09 - 	 Valid packets: 10
2025-05-31 12:32:09 - 	 Ignored packets:0 0 
2025-05-31 12:32:09 - PCAP duration 0 seconds
2025-05-31 12:32:09 - ----------------------------------------------------------------------------
2025-05-31 12:32:09 - 

----------------------------------------------------------------------------
 TOTAL FLOWS GENERATED: 2
2025-05-31 12:32:09 - ----------------------------------------------------------------------------

2025-05-31 12:32:16 - 
2025-05-31 12:32:16 - CICFlowMeter-V3 found: 1 Files.
2025-05-31 12:32:16 - 
2025-05-31 12:32:16 - Working on... /tmp/buffer.pcap 
2025-05-31 12:32:16 - Done! in 0 seconds
2025-05-31 12:32:16 - 	 Total packets: 20
2025-05-31 12:32:16 - 	 Valid packets: 20
2025-05-31 12:32:16 - 	 Ignored packets:0 0 
2025-05-31 12:32:16 - PCAP duration 4 seconds
2025-05-31 12:32:16 - ----------------------------------------------------------------------------
2025-05-31 12:32:16 - 

----------------------------------------------------------------------------
 TOTAL FLOWS GENERATED: 4
2025-05-31 12:32:16 - ----------------------------------------------------------------------------

2025-05-31 12:32:22 - 
2025-05-31 12:32:22 - CICFlowMeter-V3 found: 1 Files.
2025-05-31 12:32:22 - 
2025-05-31 12:32:22 - Working on... /tmp/buffer.pcap 
2025-05-31 12:32:22 - Done! in 0 seconds
2025-05-31 12:32:22 - 	 Total packets: 10
2025-05-31 12:32:22 - 	 Valid packets: 10
2025-05-31 12:32:22 - 	 Ignored packets:0 0 
2025-05-31 12:32:22 - PCAP duration 0 seconds
2025-05-31 12:32:22 - ----------------------------------------------------------------------------
2025-05-31 12:32:22 - 

----------------------------------------------------------------------------
 TOTAL FLOWS GENERATED: 2
2025-05-31 12:32:22 - ----------------------------------------------------------------------------

2025-05-31 12:32:29 - 
2025-05-31 12:32:29 - CICFlowMeter-V3 found: 1 Files.
2025-05-31 12:32:29 - 
2025-05-31 12:32:29 - Working on... /tmp/buffer.pcap 
2025-05-31 12:32:29 - Done! in 0 seconds
2025-05-31 12:32:29 - 	 Total packets: 10
2025-05-31 12:32:29 - 	 Valid packets: 10
2025-05-31 12:32:29 - 	 Ignored packets:0 0 
2025-05-31 12:32:29 - PCAP duration 0 seconds
2025-05-31 12:32:29 - ----------------------------------------------------------------------------
2025-05-31 12:32:29 - 

----------------------------------------------------------------------------
 TOTAL FLOWS GENERATED: 2
2025-05-31 12:32:29 - ----------------------------------------------------------------------------

2025-05-31 12:32:35 - 
2025-05-31 12:32:35 - CICFlowMeter-V3 found: 1 Files.
2025-05-31 12:32:35 - 
2025-05-31 12:32:35 - Working on... /tmp/buffer.pcap 
2025-05-31 12:32:35 - Done! in 0 seconds
2025-05-31 12:32:35 - 	 Total packets: 10
2025-05-31 12:32:35 - 	 Valid packets: 10
2025-05-31 12:32:35 - 	 Ignored packets:0 0 
2025-05-31 12:32:35 - PCAP duration 0 seconds
2025-05-31 12:32:35 - ----------------------------------------------------------------------------
2025-05-31 12:32:35 - 

----------------------------------------------------------------------------
 TOTAL FLOWS GENERATED: 2
2025-05-31 12:32:35 - ----------------------------------------------------------------------------

2025-05-31 12:33:36 - 
2025-05-31 12:33:36 - CICFlowMeter-V3 found: 1 Files.
2025-05-31 12:33:36 - 
2025-05-31 12:33:36 - Working on... /tmp/buffer.pcap 
2025-05-31 12:33:36 - Done! in 0 seconds
2025-05-31 12:33:36 - 	 Total packets: 20
2025-05-31 12:33:36 - 	 Valid packets: 20
2025-05-31 12:33:36 - 	 Ignored packets:0 0 
2025-05-31 12:33:36 - PCAP duration 4 seconds
2025-05-31 12:33:36 - ----------------------------------------------------------------------------
2025-05-31 12:33:36 - 

----------------------------------------------------------------------------
 TOTAL FLOWS GENERATED: 4
2025-05-31 12:33:36 - ----------------------------------------------------------------------------

2025-05-31 12:33:42 - 
2025-05-31 12:33:42 - CICFlowMeter-V3 found: 1 Files.
2025-05-31 12:33:43 - 
2025-05-31 12:33:43 - Working on... /tmp/buffer.pcap 
2025-05-31 12:33:43 - Done! in 0 seconds
2025-05-31 12:33:43 - 	 Total packets: 11
2025-05-31 12:33:43 - 	 Valid packets: 11
2025-05-31 12:33:43 - 	 Ignored packets:0 0 
2025-05-31 12:33:43 - PCAP duration 2 seconds
2025-05-31 12:33:43 - ----------------------------------------------------------------------------
2025-05-31 12:33:43 - 

----------------------------------------------------------------------------
 TOTAL FLOWS GENERATED: 2
2025-05-31 12:33:43 - ----------------------------------------------------------------------------

2025-05-31 12:33:49 - 
2025-05-31 12:33:49 - CICFlowMeter-V3 found: 1 Files.
2025-05-31 12:33:49 - 
2025-05-31 12:33:49 - Working on... /tmp/buffer.pcap 
2025-05-31 12:33:49 - Done! in 0 seconds
2025-05-31 12:33:49 - 	 Total packets: 10
2025-05-31 12:33:49 - 	 Valid packets: 10
2025-05-31 12:33:49 - 	 Ignored packets:0 0 
2025-05-31 12:33:49 - PCAP duration 0 seconds
2025-05-31 12:33:49 - ----------------------------------------------------------------------------
2025-05-31 12:33:49 - 

----------------------------------------------------------------------------
 TOTAL FLOWS GENERATED: 2
2025-05-31 12:33:49 - ----------------------------------------------------------------------------

2025-05-31 12:33:56 - 
2025-05-31 12:33:56 - CICFlowMeter-V3 found: 1 Files.
2025-05-31 12:33:56 - 
2025-05-31 12:33:56 - Working on... /tmp/buffer.pcap 
2025-05-31 12:33:56 - Done! in 0 seconds
2025-05-31 12:33:56 - 	 Total packets: 19
2025-05-31 12:33:56 - 	 Valid packets: 19
2025-05-31 12:33:56 - 	 Ignored packets:0 0 
2025-05-31 12:33:56 - PCAP duration 4 seconds
2025-05-31 12:33:56 - ----------------------------------------------------------------------------
2025-05-31 12:33:56 - 

----------------------------------------------------------------------------
 TOTAL FLOWS GENERATED: 4
2025-05-31 12:33:56 - ----------------------------------------------------------------------------

2025-05-31 12:34:02 - 
2025-05-31 12:34:02 - CICFlowMeter-V3 found: 1 Files.
2025-05-31 12:34:02 - 
2025-05-31 12:34:02 - Working on... /tmp/buffer.pcap 
2025-05-31 12:34:02 - Done! in 0 seconds
2025-05-31 12:34:02 - 	 Total packets: 10
2025-05-31 12:34:02 - 	 Valid packets: 10
2025-05-31 12:34:02 - 	 Ignored packets:0 0 
2025-05-31 12:34:02 - PCAP duration 0 seconds
2025-05-31 12:34:02 - ----------------------------------------------------------------------------
2025-05-31 12:34:02 - 

----------------------------------------------------------------------------
 TOTAL FLOWS GENERATED: 2
2025-05-31 12:34:02 - ----------------------------------------------------------------------------

2025-05-31 12:35:18 - 
2025-05-31 12:35:18 - CICFlowMeter-V3 found: 1 Files.
2025-05-31 12:35:18 - 
2025-05-31 12:35:18 - Working on... /tmp/buffer.pcap 
2025-05-31 12:35:18 - Done! in 0 seconds
2025-05-31 12:35:18 - 	 Total packets: 10
2025-05-31 12:35:18 - 	 Valid packets: 10
2025-05-31 12:35:18 - 	 Ignored packets:0 0 
2025-05-31 12:35:18 - PCAP duration 0 seconds
2025-05-31 12:35:18 - ----------------------------------------------------------------------------
2025-05-31 12:35:18 - 

----------------------------------------------------------------------------
 TOTAL FLOWS GENERATED: 2
2025-05-31 12:35:18 - ----------------------------------------------------------------------------

2025-05-31 12:35:41 - 
2025-05-31 12:35:41 - CICFlowMeter-V3 found: 1 Files.
2025-05-31 12:35:42 - 
2025-05-31 12:35:42 - Working on... /tmp/buffer.pcap 
2025-05-31 12:35:42 - Done! in 0 seconds
2025-05-31 12:35:42 - 	 Total packets: 10
2025-05-31 12:35:42 - 	 Valid packets: 10
2025-05-31 12:35:42 - 	 Ignored packets:0 0 
2025-05-31 12:35:42 - PCAP duration 0 seconds
2025-05-31 12:35:42 - ----------------------------------------------------------------------------
2025-05-31 12:35:42 - 

----------------------------------------------------------------------------
 TOTAL FLOWS GENERATED: 2
2025-05-31 12:35:42 - ----------------------------------------------------------------------------

2025-05-31 12:36:39 - 
2025-05-31 12:36:39 - CICFlowMeter-V3 found: 1 Files.
2025-05-31 12:36:39 - 
2025-05-31 12:36:39 - Working on... /tmp/buffer.pcap 
2025-05-31 12:36:39 - Done! in 0 seconds
2025-05-31 12:36:39 - 	 Total packets: 11
2025-05-31 12:36:39 - 	 Valid packets: 10
2025-05-31 12:36:39 - 	 Ignored packets:1 1 
2025-05-31 12:36:39 - PCAP duration 0 seconds
2025-05-31 12:36:39 - ----------------------------------------------------------------------------
2025-05-31 12:36:39 - 

----------------------------------------------------------------------------
 TOTAL FLOWS GENERATED: 2
2025-05-31 12:36:39 - ----------------------------------------------------------------------------

2025-05-31 12:37:21 - 
2025-05-31 12:37:21 - CICFlowMeter-V3 found: 1 Files.
2025-05-31 12:37:21 - 
2025-05-31 12:37:21 - Working on... /tmp/buffer.pcap 
2025-05-31 12:37:21 - Done! in 0 seconds
2025-05-31 12:37:21 - 	 Total packets: 10
2025-05-31 12:37:21 - 	 Valid packets: 10
2025-05-31 12:37:21 - 	 Ignored packets:0 0 
2025-05-31 12:37:21 - PCAP duration 0 seconds
2025-05-31 12:37:21 - ----------------------------------------------------------------------------
2025-05-31 12:37:21 - 

----------------------------------------------------------------------------
 TOTAL FLOWS GENERATED: 2
2025-05-31 12:37:21 - ----------------------------------------------------------------------------

2025-05-31 12:38:16 - 
2025-05-31 12:38:16 - CICFlowMeter-V3 found: 1 Files.
2025-05-31 12:38:16 - 
2025-05-31 12:38:16 - Working on... /tmp/buffer.pcap 
2025-05-31 12:38:16 - Done! in 0 seconds
2025-05-31 12:38:16 - 	 Total packets: 20
2025-05-31 12:38:16 - 	 Valid packets: 20
2025-05-31 12:38:16 - 	 Ignored packets:0 0 
2025-05-31 12:38:16 - PCAP duration 4 seconds
2025-05-31 12:38:16 - ----------------------------------------------------------------------------
2025-05-31 12:38:16 - 

----------------------------------------------------------------------------
 TOTAL FLOWS GENERATED: 4
2025-05-31 12:38:16 - ----------------------------------------------------------------------------

2025-05-31 12:41:02 - 
2025-05-31 12:41:02 - CICFlowMeter-V3 found: 1 Files.
2025-05-31 12:41:02 - 
2025-05-31 12:41:02 - Working on... /tmp/buffer.pcap 
2025-05-31 12:41:03 - Done! in 0 seconds
2025-05-31 12:41:03 - 	 Total packets: 10
2025-05-31 12:41:03 - 	 Valid packets: 10
2025-05-31 12:41:03 - 	 Ignored packets:0 0 
2025-05-31 12:41:03 - PCAP duration 0 seconds
2025-05-31 12:41:03 - ----------------------------------------------------------------------------
2025-05-31 12:41:03 - 

----------------------------------------------------------------------------
 TOTAL FLOWS GENERATED: 2
2025-05-31 12:41:03 - ----------------------------------------------------------------------------

2025-05-31 12:41:45 - 
2025-05-31 12:41:45 - CICFlowMeter-V3 found: 1 Files.
2025-05-31 12:41:45 - 
2025-05-31 12:41:45 - Working on... /tmp/buffer.pcap 
2025-05-31 12:41:46 - Done! in 0 seconds
2025-05-31 12:41:46 - 	 Total packets: 10
2025-05-31 12:41:46 - 	 Valid packets: 10
2025-05-31 12:41:46 - 	 Ignored packets:0 0 
2025-05-31 12:41:46 - PCAP duration 0 seconds
2025-05-31 12:41:46 - ----------------------------------------------------------------------------
2025-05-31 12:41:46 - 

----------------------------------------------------------------------------
 TOTAL FLOWS GENERATED: 2
2025-05-31 12:41:46 - ----------------------------------------------------------------------------

2025-05-31 12:42:59 - 
2025-05-31 12:42:59 - CICFlowMeter-V3 found: 1 Files.
2025-05-31 12:43:00 - 
2025-05-31 12:43:00 - Working on... /tmp/buffer.pcap 
2025-05-31 12:43:00 - Done! in 0 seconds
2025-05-31 12:43:00 - 	 Total packets: 20
2025-05-31 12:43:00 - 	 Valid packets: 20
2025-05-31 12:43:00 - 	 Ignored packets:0 0 
2025-05-31 12:43:00 - PCAP duration 4 seconds
2025-05-31 12:43:00 - ----------------------------------------------------------------------------
2025-05-31 12:43:00 - 

----------------------------------------------------------------------------
 TOTAL FLOWS GENERATED: 4
2025-05-31 12:43:00 - ----------------------------------------------------------------------------

2025-05-31 12:43:06 - 
2025-05-31 12:43:06 - CICFlowMeter-V3 found: 1 Files.
2025-05-31 12:43:06 - 
2025-05-31 12:43:06 - Working on... /tmp/buffer.pcap 
2025-05-31 12:43:06 - Done! in 0 seconds
2025-05-31 12:43:06 - 	 Total packets: 10
2025-05-31 12:43:06 - 	 Valid packets: 10
2025-05-31 12:43:06 - 	 Ignored packets:0 0 
2025-05-31 12:43:06 - PCAP duration 0 seconds
2025-05-31 12:43:06 - ----------------------------------------------------------------------------
2025-05-31 12:43:06 - 

----------------------------------------------------------------------------
 TOTAL FLOWS GENERATED: 2
2025-05-31 12:43:06 - ----------------------------------------------------------------------------

2025-05-31 12:43:13 - 
2025-05-31 12:43:13 - CICFlowMeter-V3 found: 1 Files.
2025-05-31 12:43:13 - 
2025-05-31 12:43:13 - Working on... /tmp/buffer.pcap 
2025-05-31 12:43:13 - Done! in 0 seconds
2025-05-31 12:43:13 - 	 Total packets: 10
2025-05-31 12:43:13 - 	 Valid packets: 10
2025-05-31 12:43:13 - 	 Ignored packets:0 0 
2025-05-31 12:43:13 - PCAP duration 0 seconds
2025-05-31 12:43:13 - ----------------------------------------------------------------------------
2025-05-31 12:43:13 - 

----------------------------------------------------------------------------
 TOTAL FLOWS GENERATED: 2
2025-05-31 12:43:13 - ----------------------------------------------------------------------------

2025-05-31 12:43:19 - 
2025-05-31 12:43:19 - CICFlowMeter-V3 found: 1 Files.
2025-05-31 12:43:20 - 
2025-05-31 12:43:20 - Working on... /tmp/buffer.pcap 
2025-05-31 12:43:20 - Done! in 0 seconds
2025-05-31 12:43:20 - 	 Total packets: 0
2025-05-31 12:43:20 - 	 Valid packets: 0
2025-05-31 12:43:20 - 	 Ignored packets:0 0 
2025-05-31 12:43:20 - PCAP duration 0 seconds
2025-05-31 12:43:20 - ----------------------------------------------------------------------------
2025-05-31 12:43:20 - 

----------------------------------------------------------------------------
 TOTAL FLOWS GENERATED: 0
2025-05-31 12:43:20 - ----------------------------------------------------------------------------

2025-05-31 12:43:26 - 
2025-05-31 12:43:26 - CICFlowMeter-V3 found: 1 Files.
2025-05-31 12:43:26 - 
2025-05-31 12:43:26 - Working on... /tmp/buffer.pcap 
2025-05-31 12:43:26 - Done! in 0 seconds
2025-05-31 12:43:26 - 	 Total packets: 30
2025-05-31 12:43:26 - 	 Valid packets: 30
2025-05-31 12:43:26 - 	 Ignored packets:0 0 
2025-05-31 12:43:26 - PCAP duration 4 seconds
2025-05-31 12:43:26 - ----------------------------------------------------------------------------
2025-05-31 12:43:26 - 

----------------------------------------------------------------------------
 TOTAL FLOWS GENERATED: 6
2025-05-31 12:43:26 - ----------------------------------------------------------------------------

2025-05-31 12:43:32 - 
2025-05-31 12:43:32 - CICFlowMeter-V3 found: 1 Files.
2025-05-31 12:43:33 - 
2025-05-31 12:43:33 - Working on... /tmp/buffer.pcap 
2025-05-31 12:43:33 - Done! in 0 seconds
2025-05-31 12:43:33 - 	 Total packets: 10
2025-05-31 12:43:33 - 	 Valid packets: 10
2025-05-31 12:43:33 - 	 Ignored packets:0 0 
2025-05-31 12:43:33 - PCAP duration 0 seconds
2025-05-31 12:43:33 - ----------------------------------------------------------------------------
2025-05-31 12:43:33 - 

----------------------------------------------------------------------------
 TOTAL FLOWS GENERATED: 2
2025-05-31 12:43:33 - ----------------------------------------------------------------------------

2025-05-31 12:43:39 - 
2025-05-31 12:43:39 - CICFlowMeter-V3 found: 1 Files.
2025-05-31 12:43:39 - 
2025-05-31 12:43:39 - Working on... /tmp/buffer.pcap 
2025-05-31 12:43:39 - Done! in 0 seconds
2025-05-31 12:43:39 - 	 Total packets: 10
2025-05-31 12:43:39 - 	 Valid packets: 10
2025-05-31 12:43:39 - 	 Ignored packets:0 0 
2025-05-31 12:43:39 - PCAP duration 0 seconds
2025-05-31 12:43:39 - ----------------------------------------------------------------------------
2025-05-31 12:43:39 - 

----------------------------------------------------------------------------
 TOTAL FLOWS GENERATED: 2
2025-05-31 12:43:39 - ----------------------------------------------------------------------------

2025-05-31 12:43:46 - 
2025-05-31 12:43:46 - CICFlowMeter-V3 found: 1 Files.
2025-05-31 12:43:46 - 
2025-05-31 12:43:46 - Working on... /tmp/buffer.pcap 
2025-05-31 12:43:46 - Done! in 0 seconds
2025-05-31 12:43:46 - 	 Total packets: 20
2025-05-31 12:43:46 - 	 Valid packets: 20
2025-05-31 12:43:46 - 	 Ignored packets:0 0 
2025-05-31 12:43:46 - PCAP duration 4 seconds
2025-05-31 12:43:46 - ----------------------------------------------------------------------------
2025-05-31 12:43:46 - 

----------------------------------------------------------------------------
 TOTAL FLOWS GENERATED: 4
2025-05-31 12:43:46 - ----------------------------------------------------------------------------

2025-05-31 12:43:52 - 
2025-05-31 12:43:52 - CICFlowMeter-V3 found: 1 Files.
2025-05-31 12:43:53 - 
2025-05-31 12:43:53 - Working on... /tmp/buffer.pcap 
2025-05-31 12:43:53 - Done! in 0 seconds
2025-05-31 12:43:53 - 	 Total packets: 10
2025-05-31 12:43:53 - 	 Valid packets: 10
2025-05-31 12:43:53 - 	 Ignored packets:0 0 
2025-05-31 12:43:53 - PCAP duration 0 seconds
2025-05-31 12:43:53 - ----------------------------------------------------------------------------
2025-05-31 12:43:53 - 

----------------------------------------------------------------------------
 TOTAL FLOWS GENERATED: 2
2025-05-31 12:43:53 - ----------------------------------------------------------------------------

2025-05-31 12:43:59 - 
2025-05-31 12:43:59 - CICFlowMeter-V3 found: 1 Files.
2025-05-31 12:43:59 - 
2025-05-31 12:43:59 - Working on... /tmp/buffer.pcap 
2025-05-31 12:43:59 - Done! in 0 seconds
2025-05-31 12:43:59 - 	 Total packets: 12
2025-05-31 12:43:59 - 	 Valid packets: 12
2025-05-31 12:43:59 - 	 Ignored packets:0 0 
2025-05-31 12:43:59 - PCAP duration 3 seconds
2025-05-31 12:43:59 - ----------------------------------------------------------------------------
2025-05-31 12:43:59 - 

----------------------------------------------------------------------------
 TOTAL FLOWS GENERATED: 3
2025-05-31 12:43:59 - ----------------------------------------------------------------------------

2025-05-31 12:44:06 - 
2025-05-31 12:44:06 - CICFlowMeter-V3 found: 1 Files.
2025-05-31 12:44:06 - 
2025-05-31 12:44:06 - Working on... /tmp/buffer.pcap 
2025-05-31 12:44:06 - Done! in 0 seconds
2025-05-31 12:44:06 - 	 Total packets: 20
2025-05-31 12:44:06 - 	 Valid packets: 20
2025-05-31 12:44:06 - 	 Ignored packets:0 0 
2025-05-31 12:44:06 - PCAP duration 4 seconds
2025-05-31 12:44:06 - ----------------------------------------------------------------------------
2025-05-31 12:44:06 - 

----------------------------------------------------------------------------
 TOTAL FLOWS GENERATED: 4
2025-05-31 12:44:06 - ----------------------------------------------------------------------------

2025-05-31 12:44:12 - 
2025-05-31 12:44:12 - CICFlowMeter-V3 found: 1 Files.
2025-05-31 12:44:12 - 
2025-05-31 12:44:12 - Working on... /tmp/buffer.pcap 
2025-05-31 12:44:12 - Done! in 0 seconds
2025-05-31 12:44:12 - 	 Total packets: 10
2025-05-31 12:44:12 - 	 Valid packets: 10
2025-05-31 12:44:12 - 	 Ignored packets:0 0 
2025-05-31 12:44:12 - PCAP duration 0 seconds
2025-05-31 12:44:12 - ----------------------------------------------------------------------------
2025-05-31 12:44:12 - 

----------------------------------------------------------------------------
 TOTAL FLOWS GENERATED: 2
2025-05-31 12:44:12 - ----------------------------------------------------------------------------

2025-05-31 12:44:19 - 
2025-05-31 12:44:19 - CICFlowMeter-V3 found: 1 Files.
2025-05-31 12:44:19 - 
2025-05-31 12:44:19 - Working on... /tmp/buffer.pcap 
2025-05-31 12:44:19 - Done! in 0 seconds
2025-05-31 12:44:19 - 	 Total packets: 10
2025-05-31 12:44:19 - 	 Valid packets: 10
2025-05-31 12:44:19 - 	 Ignored packets:0 0 
2025-05-31 12:44:19 - PCAP duration 0 seconds
2025-05-31 12:44:19 - ----------------------------------------------------------------------------
2025-05-31 12:44:19 - 

----------------------------------------------------------------------------
 TOTAL FLOWS GENERATED: 2
2025-05-31 12:44:19 - ----------------------------------------------------------------------------

2025-05-31 12:45:03 - 
2025-05-31 12:45:03 - CICFlowMeter-V3 found: 1 Files.
2025-05-31 12:45:03 - 
2025-05-31 12:45:03 - Working on... /tmp/buffer.pcap 
2025-05-31 12:45:03 - Done! in 0 seconds
2025-05-31 12:45:03 - 	 Total packets: 10
2025-05-31 12:45:03 - 	 Valid packets: 10
2025-05-31 12:45:03 - 	 Ignored packets:0 0 
2025-05-31 12:45:03 - PCAP duration 0 seconds
2025-05-31 12:45:03 - ----------------------------------------------------------------------------
2025-05-31 12:45:03 - 

----------------------------------------------------------------------------
 TOTAL FLOWS GENERATED: 2
2025-05-31 12:45:03 - ----------------------------------------------------------------------------

2025-05-31 12:45:09 - 
2025-05-31 12:45:09 - CICFlowMeter-V3 found: 1 Files.
2025-05-31 12:45:09 - 
2025-05-31 12:45:09 - Working on... /tmp/buffer.pcap 
2025-05-31 12:45:09 - Done! in 0 seconds
2025-05-31 12:45:09 - 	 Total packets: 10
2025-05-31 12:45:09 - 	 Valid packets: 10
2025-05-31 12:45:09 - 	 Ignored packets:0 0 
2025-05-31 12:45:09 - PCAP duration 0 seconds
2025-05-31 12:45:09 - ----------------------------------------------------------------------------
2025-05-31 12:45:10 - 

----------------------------------------------------------------------------
 TOTAL FLOWS GENERATED: 2
2025-05-31 12:45:10 - ----------------------------------------------------------------------------

2025-05-31 12:45:16 - 
2025-05-31 12:45:16 - CICFlowMeter-V3 found: 1 Files.
2025-05-31 12:45:16 - 
2025-05-31 12:45:16 - Working on... /tmp/buffer.pcap 
2025-05-31 12:45:16 - Done! in 0 seconds
2025-05-31 12:45:16 - 	 Total packets: 10
2025-05-31 12:45:16 - 	 Valid packets: 10
2025-05-31 12:45:16 - 	 Ignored packets:0 0 
2025-05-31 12:45:16 - PCAP duration 0 seconds
2025-05-31 12:45:16 - ----------------------------------------------------------------------------
2025-05-31 12:45:16 - 

----------------------------------------------------------------------------
 TOTAL FLOWS GENERATED: 2
2025-05-31 12:45:16 - ----------------------------------------------------------------------------

2025-05-31 12:45:22 - 
2025-05-31 12:45:22 - CICFlowMeter-V3 found: 1 Files.
2025-05-31 12:45:23 - 
2025-05-31 12:45:23 - Working on... /tmp/buffer.pcap 
2025-05-31 12:45:23 - Done! in 0 seconds
2025-05-31 12:45:23 - 	 Total packets: 20
2025-05-31 12:45:23 - 	 Valid packets: 20
2025-05-31 12:45:23 - 	 Ignored packets:0 0 
2025-05-31 12:45:23 - PCAP duration 4 seconds
2025-05-31 12:45:23 - ----------------------------------------------------------------------------
2025-05-31 12:45:23 - 

----------------------------------------------------------------------------
 TOTAL FLOWS GENERATED: 4
2025-05-31 12:45:23 - ----------------------------------------------------------------------------

2025-05-31 12:45:29 - 
2025-05-31 12:45:29 - CICFlowMeter-V3 found: 1 Files.
2025-05-31 12:45:29 - 
2025-05-31 12:45:29 - Working on... /tmp/buffer.pcap 
2025-05-31 12:45:29 - Done! in 0 seconds
2025-05-31 12:45:29 - 	 Total packets: 10
2025-05-31 12:45:29 - 	 Valid packets: 10
2025-05-31 12:45:29 - 	 Ignored packets:0 0 
2025-05-31 12:45:29 - PCAP duration 0 seconds
2025-05-31 12:45:29 - ----------------------------------------------------------------------------
2025-05-31 12:45:29 - 

----------------------------------------------------------------------------
 TOTAL FLOWS GENERATED: 2
2025-05-31 12:45:29 - ----------------------------------------------------------------------------

2025-05-31 12:45:35 - 
2025-05-31 12:45:35 - CICFlowMeter-V3 found: 1 Files.
2025-05-31 12:45:36 - 
2025-05-31 12:45:36 - Working on... /tmp/buffer.pcap 
2025-05-31 12:45:36 - Done! in 0 seconds
2025-05-31 12:45:36 - 	 Total packets: 10
2025-05-31 12:45:36 - 	 Valid packets: 10
2025-05-31 12:45:36 - 	 Ignored packets:0 0 
2025-05-31 12:45:36 - PCAP duration 0 seconds
2025-05-31 12:45:36 - ----------------------------------------------------------------------------
2025-05-31 12:45:36 - 

----------------------------------------------------------------------------
 TOTAL FLOWS GENERATED: 2
2025-05-31 12:45:36 - ----------------------------------------------------------------------------

2025-05-31 12:45:54 - 
2025-05-31 12:45:54 - CICFlowMeter-V3 found: 1 Files.
2025-05-31 12:45:54 - 
2025-05-31 12:45:54 - Working on... /tmp/buffer.pcap 
2025-05-31 12:45:54 - Done! in 0 seconds
2025-05-31 12:45:54 - 	 Total packets: 2
2025-05-31 12:45:54 - 	 Valid packets: 2
2025-05-31 12:45:54 - 	 Ignored packets:0 0 
2025-05-31 12:45:54 - PCAP duration 1 seconds
2025-05-31 12:45:54 - ----------------------------------------------------------------------------
2025-05-31 12:45:54 - 

----------------------------------------------------------------------------
 TOTAL FLOWS GENERATED: 1
2025-05-31 12:45:54 - ----------------------------------------------------------------------------

2025-05-31 12:46:57 - 
2025-05-31 12:46:57 - CICFlowMeter-V3 found: 1 Files.
2025-05-31 12:46:57 - 
2025-05-31 12:46:57 - Working on... /tmp/buffer.pcap 
2025-05-31 12:46:57 - Done! in 0 seconds
2025-05-31 12:46:57 - 	 Total packets: 10
2025-05-31 12:46:57 - 	 Valid packets: 10
2025-05-31 12:46:57 - 	 Ignored packets:0 0 
2025-05-31 12:46:57 - PCAP duration 0 seconds
2025-05-31 12:46:57 - ----------------------------------------------------------------------------
2025-05-31 12:46:57 - 

----------------------------------------------------------------------------
 TOTAL FLOWS GENERATED: 2
2025-05-31 12:46:57 - ----------------------------------------------------------------------------

2025-05-31 12:47:04 - 
2025-05-31 12:47:04 - CICFlowMeter-V3 found: 1 Files.
2025-05-31 12:47:04 - 
2025-05-31 12:47:04 - Working on... /tmp/buffer.pcap 
2025-05-31 12:47:04 - Done! in 0 seconds
2025-05-31 12:47:04 - 	 Total packets: 20
2025-05-31 12:47:04 - 	 Valid packets: 20
2025-05-31 12:47:04 - 	 Ignored packets:0 0 
2025-05-31 12:47:04 - PCAP duration 4 seconds
2025-05-31 12:47:04 - ----------------------------------------------------------------------------
2025-05-31 12:47:04 - 

----------------------------------------------------------------------------
 TOTAL FLOWS GENERATED: 4
2025-05-31 12:47:04 - ----------------------------------------------------------------------------

2025-05-31 12:47:10 - 
2025-05-31 12:47:10 - CICFlowMeter-V3 found: 1 Files.
2025-05-31 12:47:10 - 
2025-05-31 12:47:10 - Working on... /tmp/buffer.pcap 
2025-05-31 12:47:10 - Done! in 0 seconds
2025-05-31 12:47:10 - 	 Total packets: 10
2025-05-31 12:47:10 - 	 Valid packets: 10
2025-05-31 12:47:10 - 	 Ignored packets:0 0 
2025-05-31 12:47:10 - PCAP duration 0 seconds
2025-05-31 12:47:10 - ----------------------------------------------------------------------------
2025-05-31 12:47:10 - 

----------------------------------------------------------------------------
 TOTAL FLOWS GENERATED: 2
2025-05-31 12:47:10 - ----------------------------------------------------------------------------

2025-05-31 12:47:17 - 
2025-05-31 12:47:17 - CICFlowMeter-V3 found: 1 Files.
2025-05-31 12:47:17 - 
2025-05-31 12:47:17 - Working on... /tmp/buffer.pcap 
2025-05-31 12:47:26 - 
2025-05-31 12:47:26 - CICFlowMeter-V3 found: 1 Files.
2025-05-31 12:47:26 - 
2025-05-31 12:47:26 - Working on... /tmp/buffer.pcap 
2025-05-31 12:47:26 - Done! in 0 seconds
2025-05-31 12:47:26 - 	 Total packets: 1304
2025-05-31 12:47:26 - 	 Valid packets: 1304
2025-05-31 12:47:26 - 	 Ignored packets:0 0 
2025-05-31 12:47:26 - PCAP duration 4 seconds
2025-05-31 12:47:26 - ----------------------------------------------------------------------------
2025-05-31 12:47:26 - 

----------------------------------------------------------------------------
 TOTAL FLOWS GENERATED: 648
2025-05-31 12:47:26 - ----------------------------------------------------------------------------

2025-05-31 12:47:33 - 
2025-05-31 12:47:33 - CICFlowMeter-V3 found: 1 Files.
2025-05-31 12:47:33 - 
2025-05-31 12:47:33 - Working on... /tmp/buffer.pcap 
2025-05-31 12:47:33 - Done! in 0 seconds
2025-05-31 12:47:33 - 	 Total packets: 1134
2025-05-31 12:47:33 - 	 Valid packets: 1134
2025-05-31 12:47:33 - 	 Ignored packets:0 0 
2025-05-31 12:47:33 - PCAP duration 4 seconds
2025-05-31 12:47:33 - ----------------------------------------------------------------------------
2025-05-31 12:47:33 - 

----------------------------------------------------------------------------
 TOTAL FLOWS GENERATED: 566
2025-05-31 12:47:33 - ----------------------------------------------------------------------------

2025-05-31 12:47:40 - 
2025-05-31 12:47:40 - CICFlowMeter-V3 found: 1 Files.
2025-05-31 12:47:40 - 
2025-05-31 12:47:40 - Working on... /tmp/buffer.pcap 
2025-05-31 12:47:40 - Done! in 0 seconds
2025-05-31 12:47:40 - 	 Total packets: 908
2025-05-31 12:47:40 - 	 Valid packets: 908
2025-05-31 12:47:40 - 	 Ignored packets:0 0 
2025-05-31 12:47:40 - PCAP duration 4 seconds
2025-05-31 12:47:40 - ----------------------------------------------------------------------------
2025-05-31 12:47:40 - 

----------------------------------------------------------------------------
 TOTAL FLOWS GENERATED: 240
2025-05-31 12:47:40 - ----------------------------------------------------------------------------

2025-05-31 12:47:46 - 
2025-05-31 12:47:46 - CICFlowMeter-V3 found: 1 Files.
2025-05-31 12:47:47 - 
2025-05-31 12:47:47 - Working on... /tmp/buffer.pcap 
2025-05-31 12:47:47 - Done! in 0 seconds
2025-05-31 12:47:47 - 	 Total packets: 20
2025-05-31 12:47:47 - 	 Valid packets: 20
2025-05-31 12:47:47 - 	 Ignored packets:0 0 
2025-05-31 12:47:47 - PCAP duration 4 seconds
2025-05-31 12:47:47 - ----------------------------------------------------------------------------
2025-05-31 12:47:47 - 

----------------------------------------------------------------------------
 TOTAL FLOWS GENERATED: 1
2025-05-31 12:47:47 - ----------------------------------------------------------------------------

2025-05-31 12:47:53 - 
2025-05-31 12:47:53 - CICFlowMeter-V3 found: 1 Files.
2025-05-31 12:47:53 - 
2025-05-31 12:47:53 - Working on... /tmp/buffer.pcap 
2025-05-31 12:47:53 - Done! in 0 seconds
2025-05-31 12:47:53 - 	 Total packets: 20
2025-05-31 12:47:53 - 	 Valid packets: 20
2025-05-31 12:47:53 - 	 Ignored packets:0 0 
2025-05-31 12:47:53 - PCAP duration 4 seconds
2025-05-31 12:47:53 - ----------------------------------------------------------------------------
2025-05-31 12:47:53 - 

----------------------------------------------------------------------------
 TOTAL FLOWS GENERATED: 1
2025-05-31 12:47:53 - ----------------------------------------------------------------------------

2025-05-31 12:47:59 - 
2025-05-31 12:47:59 - CICFlowMeter-V3 found: 1 Files.
2025-05-31 12:48:00 - 
2025-05-31 12:48:00 - Working on... /tmp/buffer.pcap 
2025-05-31 12:48:00 - Done! in 0 seconds
2025-05-31 12:48:00 - 	 Total packets: 20
2025-05-31 12:48:00 - 	 Valid packets: 20
2025-05-31 12:48:00 - 	 Ignored packets:0 0 
2025-05-31 12:48:00 - PCAP duration 4 seconds
2025-05-31 12:48:00 - ----------------------------------------------------------------------------
2025-05-31 12:48:00 - 

----------------------------------------------------------------------------
 TOTAL FLOWS GENERATED: 1
2025-05-31 12:48:00 - ----------------------------------------------------------------------------

2025-05-31 12:48:06 - 
2025-05-31 12:48:06 - CICFlowMeter-V3 found: 1 Files.
2025-05-31 12:48:06 - 
2025-05-31 12:48:06 - Working on... /tmp/buffer.pcap 
2025-05-31 12:48:06 - Done! in 0 seconds
2025-05-31 12:48:06 - 	 Total packets: 16
2025-05-31 12:48:06 - 	 Valid packets: 16
2025-05-31 12:48:06 - 	 Ignored packets:0 0 
2025-05-31 12:48:06 - PCAP duration 2 seconds
2025-05-31 12:48:06 - ----------------------------------------------------------------------------
2025-05-31 12:48:06 - 

----------------------------------------------------------------------------
 TOTAL FLOWS GENERATED: 1
2025-05-31 12:48:06 - ----------------------------------------------------------------------------

2025-05-31 12:48:12 - 
2025-05-31 12:48:12 - CICFlowMeter-V3 found: 1 Files.
2025-05-31 12:48:13 - 
2025-05-31 12:48:13 - Working on... /tmp/buffer.pcap 
2025-05-31 12:48:13 - Done! in 0 seconds
2025-05-31 12:48:13 - 	 Total packets: 16
2025-05-31 12:48:13 - 	 Valid packets: 16
2025-05-31 12:48:13 - 	 Ignored packets:0 0 
2025-05-31 12:48:13 - PCAP duration 3 seconds
2025-05-31 12:48:13 - ----------------------------------------------------------------------------
2025-05-31 12:48:13 - 

----------------------------------------------------------------------------
 TOTAL FLOWS GENERATED: 1
2025-05-31 12:48:13 - ----------------------------------------------------------------------------

2025-05-31 12:48:31 - 
2025-05-31 12:48:31 - CICFlowMeter-V3 found: 1 Files.
2025-05-31 12:48:31 - 
2025-05-31 12:48:31 - Working on... /tmp/buffer.pcap 
2025-05-31 12:48:31 - Done! in 0 seconds
2025-05-31 12:48:31 - 	 Total packets: 16
2025-05-31 12:48:31 - 	 Valid packets: 16
2025-05-31 12:48:31 - 	 Ignored packets:0 0 
2025-05-31 12:48:31 - PCAP duration 3 seconds
2025-05-31 12:48:31 - ----------------------------------------------------------------------------
2025-05-31 12:48:31 - 

----------------------------------------------------------------------------
 TOTAL FLOWS GENERATED: 1
2025-05-31 12:48:31 - ----------------------------------------------------------------------------

2025-05-31 12:48:38 - 
2025-05-31 12:48:38 - CICFlowMeter-V3 found: 1 Files.
2025-05-31 12:48:38 - 
2025-05-31 12:48:38 - Working on... /tmp/buffer.pcap 
2025-05-31 12:48:38 - Done! in 0 seconds
2025-05-31 12:48:38 - 	 Total packets: 20
2025-05-31 12:48:38 - 	 Valid packets: 20
2025-05-31 12:48:38 - 	 Ignored packets:0 0 
2025-05-31 12:48:38 - PCAP duration 4 seconds
2025-05-31 12:48:38 - ----------------------------------------------------------------------------
2025-05-31 12:48:38 - 

----------------------------------------------------------------------------
 TOTAL FLOWS GENERATED: 1
2025-05-31 12:48:38 - ----------------------------------------------------------------------------

2025-05-31 12:48:56 - 
2025-05-31 12:48:56 - CICFlowMeter-V3 found: 1 Files.
2025-05-31 12:48:56 - 
2025-05-31 12:48:56 - Working on... /tmp/buffer.pcap 
2025-05-31 12:48:56 - Done! in 0 seconds
2025-05-31 12:48:56 - 	 Total packets: 4
2025-05-31 12:48:56 - 	 Valid packets: 4
2025-05-31 12:48:56 - 	 Ignored packets:0 0 
2025-05-31 12:48:56 - PCAP duration 0 seconds
2025-05-31 12:48:56 - ----------------------------------------------------------------------------
2025-05-31 12:48:56 - 

----------------------------------------------------------------------------
 TOTAL FLOWS GENERATED: 1
2025-05-31 12:48:56 - ----------------------------------------------------------------------------

2025-05-31 13:03:04 - 
2025-05-31 13:03:04 - CICFlowMeter-V3 found: 1 Files.
2025-05-31 13:03:04 - 
2025-05-31 13:03:04 - Working on... /tmp/buffer.pcap 
2025-05-31 13:03:04 - Done! in 0 seconds
2025-05-31 13:03:04 - 	 Total packets: 20
2025-05-31 13:03:04 - 	 Valid packets: 20
2025-05-31 13:03:04 - 	 Ignored packets:0 0 
2025-05-31 13:03:04 - PCAP duration 3 seconds
2025-05-31 13:03:04 - ----------------------------------------------------------------------------
2025-05-31 13:03:04 - 

----------------------------------------------------------------------------
 TOTAL FLOWS GENERATED: 5
2025-05-31 13:03:04 - ----------------------------------------------------------------------------

2025-05-31 13:03:11 - 
2025-05-31 13:03:11 - CICFlowMeter-V3 found: 1 Files.
2025-05-31 13:03:11 - 
2025-05-31 13:03:11 - Working on... /tmp/buffer.pcap 
2025-05-31 13:03:11 - Done! in 0 seconds
2025-05-31 13:03:11 - 	 Total packets: 12
2025-05-31 13:03:11 - 	 Valid packets: 12
2025-05-31 13:03:11 - 	 Ignored packets:0 0 
2025-05-31 13:03:11 - PCAP duration 2 seconds
2025-05-31 13:03:11 - ----------------------------------------------------------------------------
2025-05-31 13:03:11 - 

----------------------------------------------------------------------------
 TOTAL FLOWS GENERATED: 3
2025-05-31 13:03:11 - ----------------------------------------------------------------------------

